[ 2017-12-15T22:47:32+08:00 ] 127.0.0.1 /thinkphpwxpay/index.php/Home/Index/
INFO: [ app_init ] --START--
INFO: [ app_init ] --END-- [ RunTime:0.000000s ]
INFO: [ path_info ] --START--
INFO: [ path_info ] --END-- [ RunTime:0.000000s ]
INFO: [ app_begin ] --START--
INFO: Run Behavior\ReadHtmlCache [ RunTime:0.000000s ]
INFO: [ app_begin ] --END-- [ RunTime:0.000000s ]
NOTIC: [2] session_start(): open(F:\phpstudy\tmp\tmp\sess_ofclgn46865gneccbqjoi2udi4, O_RDWR) failed: No such file or directory (2) F:\phpstudy\WWW\ThinkPHP\Common\functions.php 第 1075 行.
INFO: [ action_begin ] --START--
INFO: [ action_begin ] --END-- [ RunTime:0.000000s ]
NOTIC: [8192] mysql_connect(): The mysql extension is deprecated and will be removed in the future: use mysqli or PDO instead F:\phpstudy\WWW\ThinkPHP\Library\Think\Db\Driver\Mysql.class.php 第 52 行.
NOTIC: [2] mysql_connect():  F:\phpstudy\WWW\ThinkPHP\Library\Think\Db\Driver\Mysql.class.php 第 52 行.
NOTIC: [2] mysql_connect():  F:\phpstudy\WWW\ThinkPHP\Library\Think\Db\Driver\Mysql.class.php 第 52 行.

[ 2017-12-15T22:47:45+08:00 ] 127.0.0.1 /thinkphpwxpay/index.php/Home/Index/
INFO: [ app_init ] --START--
INFO: [ app_init ] --END-- [ RunTime:0.000000s ]
INFO: [ path_info ] --START--
INFO: [ path_info ] --END-- [ RunTime:0.000000s ]
INFO: [ app_begin ] --START--
INFO: Run Behavior\ReadHtmlCache [ RunTime:0.000000s ]
INFO: [ app_begin ] --END-- [ RunTime:0.000000s ]
NOTIC: [2] session_start(): open(F:\phpstudy\tmp\tmp\sess_ofclgn46865gneccbqjoi2udi4, O_RDWR) failed: No such file or directory (2) F:\phpstudy\WWW\ThinkPHP\Common\functions.php 第 1075 行.
INFO: [ action_begin ] --START--
INFO: [ action_begin ] --END-- [ RunTime:0.000000s ]
NOTIC: [8192] mysql_connect(): The mysql extension is deprecated and will be removed in the future: use mysqli or PDO instead F:\phpstudy\WWW\ThinkPHP\Library\Think\Db\Driver\Mysql.class.php 第 52 行.
NOTIC: [2] mysql_connect():  F:\phpstudy\WWW\ThinkPHP\Library\Think\Db\Driver\Mysql.class.php 第 52 行.
NOTIC: [2] mysql_connect():  F:\phpstudy\WWW\ThinkPHP\Library\Think\Db\Driver\Mysql.class.php 第 52 行.

[ 2017-12-15T22:49:00+08:00 ] 127.0.0.1 /thinkphpwxpay/index.php/Home/Index/
INFO: [ app_init ] --START--
INFO: [ app_init ] --END-- [ RunTime:0.000000s ]
INFO: [ path_info ] --START--
INFO: [ path_info ] --END-- [ RunTime:0.000000s ]
INFO: [ app_begin ] --START--
INFO: Run Behavior\ReadHtmlCache [ RunTime:0.000000s ]
INFO: [ app_begin ] --END-- [ RunTime:0.000000s ]
NOTIC: [2] session_start(): open(F:\phpstudy\tmp\tmp\sess_ofclgn46865gneccbqjoi2udi4, O_RDWR) failed: No such file or directory (2) F:\phpstudy\WWW\ThinkPHP\Common\functions.php 第 1075 行.
INFO: [ action_begin ] --START--
INFO: [ action_begin ] --END-- [ RunTime:0.000000s ]
NOTIC: [8192] mysql_connect(): The mysql extension is deprecated and will be removed in the future: use mysqli or PDO instead F:\phpstudy\WWW\ThinkPHP\Library\Think\Db\Driver\Mysql.class.php 第 52 行.
SQL: SHOW COLUMNS FROM `wxpay` [ RunTime:0.006000s ]
SQL: insert into wxpay(out_trade_no,total_fee) values('201712152249008749','0.01') [ RunTime:0.001000s ]
NOTIC: [2] mysql_num_rows() expects parameter 1 to be resource, boolean given F:\phpstudy\WWW\ThinkPHP\Library\Think\Db\Driver\Mysql.class.php 第 106 行.
INFO: [ view_begin ] --START--
INFO: [ view_begin ] --END-- [ RunTime:0.000000s ]
INFO: [ view_parse ] --START--
INFO: [ template_filter ] --START--
INFO: Run Behavior\ContentReplace [ RunTime:0.000000s ]
INFO: [ template_filter ] --END-- [ RunTime:0.000000s ]
INFO: Run Behavior\ParseTemplate [ RunTime:0.008000s ]
INFO: [ view_parse ] --END-- [ RunTime:0.008000s ]
INFO: [ view_filter ] --START--
INFO: Run Behavior\WriteHtmlCache [ RunTime:0.000000s ]
INFO: [ view_filter ] --END-- [ RunTime:0.000000s ]
INFO: [ view_end ] --START--
INFO: [ view_end ] --END-- [ RunTime:0.000000s ]
INFO: [ app_end ] --START--
INFO: Run Behavior\ShowPageTrace [ RunTime:0.000000s ]
INFO: [ app_end ] --END-- [ RunTime:0.000000s ]

[ 2017-12-15T23:31:50+08:00 ] 127.0.0.1 /thinkphpwxpay/index.php/Home/Index/
INFO: [ app_init ] --START--
INFO: [ app_init ] --END-- [ RunTime:0.000000s ]
INFO: [ path_info ] --START--
INFO: [ path_info ] --END-- [ RunTime:0.000000s ]
INFO: [ app_begin ] --START--
INFO: Run Behavior\ReadHtmlCache [ RunTime:0.000000s ]
INFO: [ app_begin ] --END-- [ RunTime:0.000000s ]
NOTIC: [2] session_start(): open(F:\phpstudy\tmp\tmp\sess_ofclgn46865gneccbqjoi2udi4, O_RDWR) failed: No such file or directory (2) F:\phpstudy\WWW\ThinkPHP\Common\functions.php 第 1075 行.
INFO: [ action_begin ] --START--
INFO: [ action_begin ] --END-- [ RunTime:0.000000s ]
NOTIC: [8192] mysql_connect(): The mysql extension is deprecated and will be removed in the future: use mysqli or PDO instead F:\phpstudy\WWW\ThinkPHP\Library\Think\Db\Driver\Mysql.class.php 第 52 行.
SQL: insert into wxpay(out_trade_no,total_fee) values('201712152331493658','0.01') [ RunTime:0.002000s ]
NOTIC: [2] mysql_num_rows() expects parameter 1 to be resource, boolean given F:\phpstudy\WWW\ThinkPHP\Library\Think\Db\Driver\Mysql.class.php 第 106 行.
INFO: [ view_begin ] --START--
INFO: [ view_begin ] --END-- [ RunTime:0.000000s ]
INFO: [ view_parse ] --START--
INFO: [ template_filter ] --START--
INFO: Run Behavior\ContentReplace [ RunTime:0.000000s ]
INFO: [ template_filter ] --END-- [ RunTime:0.000000s ]
INFO: Run Behavior\ParseTemplate [ RunTime:0.014000s ]
INFO: [ view_parse ] --END-- [ RunTime:0.014000s ]
INFO: [ view_filter ] --START--
INFO: Run Behavior\WriteHtmlCache [ RunTime:0.000000s ]
INFO: [ view_filter ] --END-- [ RunTime:0.001000s ]
INFO: [ view_end ] --START--
INFO: [ view_end ] --END-- [ RunTime:0.000000s ]
INFO: [ app_end ] --START--
INFO: Run Behavior\ShowPageTrace [ RunTime:0.000000s ]
INFO: [ app_end ] --END-- [ RunTime:0.000000s ]

[ 2017-12-15T23:31:59+08:00 ] 127.0.0.1 /thinkphpwxpay/index.php/Home/Index/sms
INFO: [ app_init ] --START--
INFO: [ app_init ] --END-- [ RunTime:0.000000s ]
INFO: [ path_info ] --START--
INFO: [ path_info ] --END-- [ RunTime:0.000000s ]
INFO: [ app_begin ] --START--
INFO: Run Behavior\ReadHtmlCache [ RunTime:0.000000s ]
INFO: [ app_begin ] --END-- [ RunTime:0.000000s ]
NOTIC: [2] session_start(): open(F:\phpstudy\tmp\tmp\sess_ofclgn46865gneccbqjoi2udi4, O_RDWR) failed: No such file or directory (2) F:\phpstudy\WWW\ThinkPHP\Common\functions.php 第 1075 行.
INFO: [ action_begin ] --START--
INFO: [ action_begin ] --END-- [ RunTime:0.000000s ]
NOTIC: [8] Undefined index: n F:\phpstudy\WWW\thinkphpwxpay\Application\Home\Controller\IndexController.class.php 第 65 行.

[ 2017-12-15T23:32:16+08:00 ] 127.0.0.1 /thinkphpwxpay/index.php/Home/Index/sms
INFO: [ app_init ] --START--
INFO: [ app_init ] --END-- [ RunTime:0.000000s ]
INFO: [ path_info ] --START--
INFO: [ path_info ] --END-- [ RunTime:0.000000s ]
INFO: [ app_begin ] --START--
INFO: Run Behavior\ReadHtmlCache [ RunTime:0.000000s ]
INFO: [ app_begin ] --END-- [ RunTime:0.000000s ]
NOTIC: [2] session_start(): open(F:\phpstudy\tmp\tmp\sess_ofclgn46865gneccbqjoi2udi4, O_RDWR) failed: No such file or directory (2) F:\phpstudy\WWW\ThinkPHP\Common\functions.php 第 1075 行.
INFO: [ action_begin ] --START--
INFO: [ action_begin ] --END-- [ RunTime:0.000000s ]
NOTIC: [8] Undefined index: n F:\phpstudy\WWW\thinkphpwxpay\Application\Home\Controller\IndexController.class.php 第 65 行.

[ 2017-12-15T23:32:50+08:00 ] 127.0.0.1 /thinkphpwxpay/index.php/Home/Index/sms
INFO: [ app_init ] --START--
INFO: [ app_init ] --END-- [ RunTime:0.000000s ]
INFO: [ path_info ] --START--
INFO: [ path_info ] --END-- [ RunTime:0.000000s ]
INFO: [ app_begin ] --START--
INFO: Run Behavior\ReadHtmlCache [ RunTime:0.000000s ]
INFO: [ app_begin ] --END-- [ RunTime:0.000000s ]
NOTIC: [2] session_start(): open(F:\phpstudy\tmp\tmp\sess_ofclgn46865gneccbqjoi2udi4, O_RDWR) failed: No such file or directory (2) F:\phpstudy\WWW\ThinkPHP\Common\functions.php 第 1075 行.
INFO: [ action_begin ] --START--
INFO: [ action_begin ] --END-- [ RunTime:0.000000s ]

[ 2017-12-15T23:33:27+08:00 ] 127.0.0.1 /thinkphpwxpay/index.php/Home/Index/sms
INFO: [ app_init ] --START--
INFO: [ app_init ] --END-- [ RunTime:0.000000s ]
INFO: [ path_info ] --START--
INFO: [ path_info ] --END-- [ RunTime:0.000000s ]
INFO: [ app_begin ] --START--
INFO: Run Behavior\ReadHtmlCache [ RunTime:0.000000s ]
INFO: [ app_begin ] --END-- [ RunTime:0.000000s ]
NOTIC: [2] session_start(): open(F:\phpstudy\tmp\tmp\sess_ofclgn46865gneccbqjoi2udi4, O_RDWR) failed: No such file or directory (2) F:\phpstudy\WWW\ThinkPHP\Common\functions.php 第 1075 行.

[ 2017-12-15T23:33:37+08:00 ] 127.0.0.1 /thinkphpwxpay/index.php/Home/Index/sms
INFO: [ app_init ] --START--
INFO: [ app_init ] --END-- [ RunTime:0.000000s ]
INFO: [ path_info ] --START--
INFO: [ path_info ] --END-- [ RunTime:0.001000s ]
INFO: [ app_begin ] --START--
INFO: Run Behavior\ReadHtmlCache [ RunTime:0.000000s ]
INFO: [ app_begin ] --END-- [ RunTime:0.000000s ]
NOTIC: [2] session_start(): open(F:\phpstudy\tmp\tmp\sess_ofclgn46865gneccbqjoi2udi4, O_RDWR) failed: No such file or directory (2) F:\phpstudy\WWW\ThinkPHP\Common\functions.php 第 1075 行.
INFO: [ action_begin ] --START--
INFO: [ action_begin ] --END-- [ RunTime:0.000000s ]

[ 2017-12-15T23:33:48+08:00 ] 127.0.0.1 /thinkphpwxpay/index.php/Home/Index/sms
INFO: [ app_init ] --START--
INFO: [ app_init ] --END-- [ RunTime:0.000000s ]
INFO: [ path_info ] --START--
INFO: [ path_info ] --END-- [ RunTime:0.000000s ]
INFO: [ app_begin ] --START--
INFO: Run Behavior\ReadHtmlCache [ RunTime:0.000000s ]
INFO: [ app_begin ] --END-- [ RunTime:0.000000s ]
NOTIC: [2] session_start(): open(F:\phpstudy\tmp\tmp\sess_ofclgn46865gneccbqjoi2udi4, O_RDWR) failed: No such file or directory (2) F:\phpstudy\WWW\ThinkPHP\Common\functions.php 第 1075 行.
INFO: [ action_begin ] --START--
INFO: [ action_begin ] --END-- [ RunTime:0.000000s ]

[ 2017-12-15T23:33:49+08:00 ] 127.0.0.1 /thinkphpwxpay/index.php/Home/Index/sms
INFO: [ app_init ] --START--
INFO: [ app_init ] --END-- [ RunTime:0.000000s ]
INFO: [ path_info ] --START--
INFO: [ path_info ] --END-- [ RunTime:0.000000s ]
INFO: [ app_begin ] --START--
INFO: Run Behavior\ReadHtmlCache [ RunTime:0.000000s ]
INFO: [ app_begin ] --END-- [ RunTime:0.000000s ]
NOTIC: [2] session_start(): open(F:\phpstudy\tmp\tmp\sess_ofclgn46865gneccbqjoi2udi4, O_RDWR) failed: No such file or directory (2) F:\phpstudy\WWW\ThinkPHP\Common\functions.php 第 1075 行.
INFO: [ action_begin ] --START--
INFO: [ action_begin ] --END-- [ RunTime:0.000000s ]

[ 2017-12-15T23:33:54+08:00 ] 127.0.0.1 /thinkphpwxpay/index.php/Home/Index/sms
INFO: [ app_init ] --START--
INFO: [ app_init ] --END-- [ RunTime:0.000000s ]
INFO: [ path_info ] --START--
INFO: [ path_info ] --END-- [ RunTime:0.000000s ]
INFO: [ app_begin ] --START--
INFO: Run Behavior\ReadHtmlCache [ RunTime:0.000000s ]
INFO: [ app_begin ] --END-- [ RunTime:0.000000s ]
NOTIC: [2] session_start(): open(F:\phpstudy\tmp\tmp\sess_ofclgn46865gneccbqjoi2udi4, O_RDWR) failed: No such file or directory (2) F:\phpstudy\WWW\ThinkPHP\Common\functions.php 第 1075 行.
INFO: [ action_begin ] --START--
INFO: [ action_begin ] --END-- [ RunTime:0.000000s ]

[ 2017-12-15T23:34:05+08:00 ] 127.0.0.1 /thinkphpwxpay/index.php/Home/Index/sms
INFO: [ app_init ] --START--
INFO: [ app_init ] --END-- [ RunTime:0.000000s ]
INFO: [ path_info ] --START--
INFO: [ path_info ] --END-- [ RunTime:0.000000s ]
INFO: [ app_begin ] --START--
INFO: Run Behavior\ReadHtmlCache [ RunTime:0.000000s ]
INFO: [ app_begin ] --END-- [ RunTime:0.000000s ]
NOTIC: [2] session_start(): open(F:\phpstudy\tmp\tmp\sess_ofclgn46865gneccbqjoi2udi4, O_RDWR) failed: No such file or directory (2) F:\phpstudy\WWW\ThinkPHP\Common\functions.php 第 1075 行.
INFO: [ action_begin ] --START--
INFO: [ action_begin ] --END-- [ RunTime:0.000000s ]

[ 2017-12-15T23:34:10+08:00 ] 127.0.0.1 /thinkphpwxpay/index.php/Home/Index/sms
INFO: [ app_init ] --START--
INFO: [ app_init ] --END-- [ RunTime:0.000000s ]
INFO: [ path_info ] --START--
INFO: [ path_info ] --END-- [ RunTime:0.000000s ]
INFO: [ app_begin ] --START--
INFO: Run Behavior\ReadHtmlCache [ RunTime:0.000000s ]
INFO: [ app_begin ] --END-- [ RunTime:0.000000s ]
NOTIC: [2] session_start(): open(F:\phpstudy\tmp\tmp\sess_ofclgn46865gneccbqjoi2udi4, O_RDWR) failed: No such file or directory (2) F:\phpstudy\WWW\ThinkPHP\Common\functions.php 第 1075 行.
INFO: [ action_begin ] --START--
INFO: [ action_begin ] --END-- [ RunTime:0.000000s ]

[ 2017-12-15T23:34:14+08:00 ] 127.0.0.1 /thinkphpwxpay/index.php/Home/Index/sms
INFO: [ app_init ] --START--
INFO: [ app_init ] --END-- [ RunTime:0.000000s ]
INFO: [ path_info ] --START--
INFO: [ path_info ] --END-- [ RunTime:0.000000s ]
INFO: [ app_begin ] --START--
INFO: Run Behavior\ReadHtmlCache [ RunTime:0.000000s ]
INFO: [ app_begin ] --END-- [ RunTime:0.000000s ]
NOTIC: [2] session_start(): open(F:\phpstudy\tmp\tmp\sess_ofclgn46865gneccbqjoi2udi4, O_RDWR) failed: No such file or directory (2) F:\phpstudy\WWW\ThinkPHP\Common\functions.php 第 1075 行.
INFO: [ action_begin ] --START--
INFO: [ action_begin ] --END-- [ RunTime:0.000000s ]

[ 2017-12-15T23:34:17+08:00 ] 127.0.0.1 /thinkphpwxpay/index.php/Home/Index/sms
INFO: [ app_init ] --START--
INFO: [ app_init ] --END-- [ RunTime:0.000000s ]
INFO: [ path_info ] --START--
INFO: [ path_info ] --END-- [ RunTime:0.000000s ]
INFO: [ app_begin ] --START--
INFO: Run Behavior\ReadHtmlCache [ RunTime:0.000000s ]
INFO: [ app_begin ] --END-- [ RunTime:0.000000s ]
NOTIC: [2] session_start(): open(F:\phpstudy\tmp\tmp\sess_ofclgn46865gneccbqjoi2udi4, O_RDWR) failed: No such file or directory (2) F:\phpstudy\WWW\ThinkPHP\Common\functions.php 第 1075 行.
INFO: [ action_begin ] --START--
INFO: [ action_begin ] --END-- [ RunTime:0.000000s ]

[ 2017-12-15T23:34:17+08:00 ] 127.0.0.1 /thinkphpwxpay/index.php/Home/Index/sms
INFO: [ app_init ] --START--
INFO: [ app_init ] --END-- [ RunTime:0.000000s ]
INFO: [ path_info ] --START--
INFO: [ path_info ] --END-- [ RunTime:0.000000s ]
INFO: [ app_begin ] --START--
INFO: Run Behavior\ReadHtmlCache [ RunTime:0.000000s ]
INFO: [ app_begin ] --END-- [ RunTime:0.000000s ]
NOTIC: [2] session_start(): open(F:\phpstudy\tmp\tmp\sess_ofclgn46865gneccbqjoi2udi4, O_RDWR) failed: No such file or directory (2) F:\phpstudy\WWW\ThinkPHP\Common\functions.php 第 1075 行.
INFO: [ action_begin ] --START--
INFO: [ action_begin ] --END-- [ RunTime:0.000000s ]

[ 2017-12-15T23:34:23+08:00 ] 127.0.0.1 /thinkphpwxpay/index.php/Home/Index/sms?N=14755336339
INFO: [ app_init ] --START--
INFO: [ app_init ] --END-- [ RunTime:0.000000s ]
INFO: [ path_info ] --START--
INFO: [ path_info ] --END-- [ RunTime:0.000000s ]
INFO: [ app_begin ] --START--
INFO: Run Behavior\ReadHtmlCache [ RunTime:0.000000s ]
INFO: [ app_begin ] --END-- [ RunTime:0.000000s ]
NOTIC: [2] session_start(): open(F:\phpstudy\tmp\tmp\sess_ofclgn46865gneccbqjoi2udi4, O_RDWR) failed: No such file or directory (2) F:\phpstudy\WWW\ThinkPHP\Common\functions.php 第 1075 行.
INFO: [ action_begin ] --START--
INFO: [ action_begin ] --END-- [ RunTime:0.000000s ]

[ 2017-12-15T23:34:40+08:00 ] 127.0.0.1 /thinkphpwxpay/index.php/Home/Index/sms?N=14755336339
INFO: [ app_init ] --START--
INFO: [ app_init ] --END-- [ RunTime:0.000000s ]
INFO: [ path_info ] --START--
INFO: [ path_info ] --END-- [ RunTime:0.000000s ]
INFO: [ app_begin ] --START--
INFO: Run Behavior\ReadHtmlCache [ RunTime:0.000000s ]
INFO: [ app_begin ] --END-- [ RunTime:0.000000s ]
NOTIC: [2] session_start(): open(F:\phpstudy\tmp\tmp\sess_ofclgn46865gneccbqjoi2udi4, O_RDWR) failed: No such file or directory (2) F:\phpstudy\WWW\ThinkPHP\Common\functions.php 第 1075 行.
INFO: [ action_begin ] --START--
INFO: [ action_begin ] --END-- [ RunTime:0.000000s ]

[ 2017-12-15T23:34:41+08:00 ] 127.0.0.1 /thinkphpwxpay/index.php/Home/Index/sms?N=14755336339
INFO: [ app_init ] --START--
INFO: [ app_init ] --END-- [ RunTime:0.000000s ]
INFO: [ path_info ] --START--
INFO: [ path_info ] --END-- [ RunTime:0.000000s ]
INFO: [ app_begin ] --START--
INFO: Run Behavior\ReadHtmlCache [ RunTime:0.000000s ]
INFO: [ app_begin ] --END-- [ RunTime:0.000000s ]
NOTIC: [2] session_start(): open(F:\phpstudy\tmp\tmp\sess_ofclgn46865gneccbqjoi2udi4, O_RDWR) failed: No such file or directory (2) F:\phpstudy\WWW\ThinkPHP\Common\functions.php 第 1075 行.
INFO: [ action_begin ] --START--
INFO: [ action_begin ] --END-- [ RunTime:0.000000s ]

[ 2017-12-15T23:34:41+08:00 ] 127.0.0.1 /thinkphpwxpay/index.php/Home/Index/sms?N=14755336339
INFO: [ app_init ] --START--
INFO: [ app_init ] --END-- [ RunTime:0.000000s ]
INFO: [ path_info ] --START--
INFO: [ path_info ] --END-- [ RunTime:0.000000s ]
INFO: [ app_begin ] --START--
INFO: Run Behavior\ReadHtmlCache [ RunTime:0.000000s ]
INFO: [ app_begin ] --END-- [ RunTime:0.000000s ]
NOTIC: [2] session_start(): open(F:\phpstudy\tmp\tmp\sess_ofclgn46865gneccbqjoi2udi4, O_RDWR) failed: No such file or directory (2) F:\phpstudy\WWW\ThinkPHP\Common\functions.php 第 1075 行.
INFO: [ action_begin ] --START--
INFO: [ action_begin ] --END-- [ RunTime:0.000000s ]

[ 2017-12-15T23:35:56+08:00 ] 127.0.0.1 /thinkphpwxpay/index.php/Home/Index/sms?N=14755336339
INFO: [ app_init ] --START--
INFO: [ app_init ] --END-- [ RunTime:0.000000s ]
INFO: [ path_info ] --START--
INFO: [ path_info ] --END-- [ RunTime:0.001000s ]
INFO: [ app_begin ] --START--
INFO: Run Behavior\ReadHtmlCache [ RunTime:0.000000s ]
INFO: [ app_begin ] --END-- [ RunTime:0.000000s ]
NOTIC: [2] session_start(): open(F:\phpstudy\tmp\tmp\sess_ofclgn46865gneccbqjoi2udi4, O_RDWR) failed: No such file or directory (2) F:\phpstudy\WWW\ThinkPHP\Common\functions.php 第 1075 行.
INFO: [ action_begin ] --START--
INFO: [ action_begin ] --END-- [ RunTime:0.000000s ]
NOTIC: [8] Undefined index: n F:\phpstudy\WWW\thinkphpwxpay\Application\Home\Controller\IndexController.class.php 第 67 行.

[ 2017-12-15T23:35:57+08:00 ] 127.0.0.1 /thinkphpwxpay/index.php/Home/Index/sms?N=14755336339
INFO: [ app_init ] --START--
INFO: [ app_init ] --END-- [ RunTime:0.000000s ]
INFO: [ path_info ] --START--
INFO: [ path_info ] --END-- [ RunTime:0.000000s ]
INFO: [ app_begin ] --START--
INFO: Run Behavior\ReadHtmlCache [ RunTime:0.001000s ]
INFO: [ app_begin ] --END-- [ RunTime:0.001000s ]
NOTIC: [2] session_start(): open(F:\phpstudy\tmp\tmp\sess_ofclgn46865gneccbqjoi2udi4, O_RDWR) failed: No such file or directory (2) F:\phpstudy\WWW\ThinkPHP\Common\functions.php 第 1075 行.
INFO: [ action_begin ] --START--
INFO: [ action_begin ] --END-- [ RunTime:0.000000s ]
NOTIC: [8] Undefined index: n F:\phpstudy\WWW\thinkphpwxpay\Application\Home\Controller\IndexController.class.php 第 67 行.

[ 2017-12-15T23:35:57+08:00 ] 127.0.0.1 /thinkphpwxpay/index.php/Home/Index/sms?N=14755336339
INFO: [ app_init ] --START--
INFO: [ app_init ] --END-- [ RunTime:0.000000s ]
INFO: [ path_info ] --START--
INFO: [ path_info ] --END-- [ RunTime:0.000000s ]
INFO: [ app_begin ] --START--
INFO: Run Behavior\ReadHtmlCache [ RunTime:0.000000s ]
INFO: [ app_begin ] --END-- [ RunTime:0.000000s ]
NOTIC: [2] session_start(): open(F:\phpstudy\tmp\tmp\sess_ofclgn46865gneccbqjoi2udi4, O_RDWR) failed: No such file or directory (2) F:\phpstudy\WWW\ThinkPHP\Common\functions.php 第 1075 行.
INFO: [ action_begin ] --START--
INFO: [ action_begin ] --END-- [ RunTime:0.000000s ]
NOTIC: [8] Undefined index: n F:\phpstudy\WWW\thinkphpwxpay\Application\Home\Controller\IndexController.class.php 第 67 行.

[ 2017-12-15T23:35:57+08:00 ] 127.0.0.1 /thinkphpwxpay/index.php/Home/Index/sms?N=14755336339
INFO: [ app_init ] --START--
INFO: [ app_init ] --END-- [ RunTime:0.000000s ]
INFO: [ path_info ] --START--
INFO: [ path_info ] --END-- [ RunTime:0.000000s ]
INFO: [ app_begin ] --START--
INFO: Run Behavior\ReadHtmlCache [ RunTime:0.000000s ]
INFO: [ app_begin ] --END-- [ RunTime:0.000000s ]
NOTIC: [2] session_start(): open(F:\phpstudy\tmp\tmp\sess_ofclgn46865gneccbqjoi2udi4, O_RDWR) failed: No such file or directory (2) F:\phpstudy\WWW\ThinkPHP\Common\functions.php 第 1075 行.
INFO: [ action_begin ] --START--
INFO: [ action_begin ] --END-- [ RunTime:0.000000s ]
NOTIC: [8] Undefined index: n F:\phpstudy\WWW\thinkphpwxpay\Application\Home\Controller\IndexController.class.php 第 67 行.

[ 2017-12-15T23:35:57+08:00 ] 127.0.0.1 /thinkphpwxpay/index.php/Home/Index/sms?N=14755336339
INFO: [ app_init ] --START--
INFO: [ app_init ] --END-- [ RunTime:0.000000s ]
INFO: [ path_info ] --START--
INFO: [ path_info ] --END-- [ RunTime:0.000000s ]
INFO: [ app_begin ] --START--
INFO: Run Behavior\ReadHtmlCache [ RunTime:0.000000s ]
INFO: [ app_begin ] --END-- [ RunTime:0.000000s ]
NOTIC: [2] session_start(): open(F:\phpstudy\tmp\tmp\sess_ofclgn46865gneccbqjoi2udi4, O_RDWR) failed: No such file or directory (2) F:\phpstudy\WWW\ThinkPHP\Common\functions.php 第 1075 行.
INFO: [ action_begin ] --START--
INFO: [ action_begin ] --END-- [ RunTime:0.000000s ]
NOTIC: [8] Undefined index: n F:\phpstudy\WWW\thinkphpwxpay\Application\Home\Controller\IndexController.class.php 第 67 行.

[ 2017-12-15T23:35:57+08:00 ] 127.0.0.1 /thinkphpwxpay/index.php/Home/Index/sms?N=14755336339
INFO: [ app_init ] --START--
INFO: [ app_init ] --END-- [ RunTime:0.000000s ]
INFO: [ path_info ] --START--
INFO: [ path_info ] --END-- [ RunTime:0.000000s ]
INFO: [ app_begin ] --START--
INFO: Run Behavior\ReadHtmlCache [ RunTime:0.000000s ]
INFO: [ app_begin ] --END-- [ RunTime:0.000000s ]
NOTIC: [2] session_start(): open(F:\phpstudy\tmp\tmp\sess_ofclgn46865gneccbqjoi2udi4, O_RDWR) failed: No such file or directory (2) F:\phpstudy\WWW\ThinkPHP\Common\functions.php 第 1075 行.
INFO: [ action_begin ] --START--
INFO: [ action_begin ] --END-- [ RunTime:0.000000s ]
NOTIC: [8] Undefined index: n F:\phpstudy\WWW\thinkphpwxpay\Application\Home\Controller\IndexController.class.php 第 67 行.

[ 2017-12-15T23:36:27+08:00 ] 127.0.0.1 /thinkphpwxpay/index.php/Home/Index/sms?N=14755336339
INFO: [ app_init ] --START--
INFO: [ app_init ] --END-- [ RunTime:0.000000s ]
INFO: [ path_info ] --START--
INFO: [ path_info ] --END-- [ RunTime:0.000000s ]
INFO: [ app_begin ] --START--
INFO: Run Behavior\ReadHtmlCache [ RunTime:0.001000s ]
INFO: [ app_begin ] --END-- [ RunTime:0.001000s ]
NOTIC: [2] session_start(): open(F:\phpstudy\tmp\tmp\sess_ofclgn46865gneccbqjoi2udi4, O_RDWR) failed: No such file or directory (2) F:\phpstudy\WWW\ThinkPHP\Common\functions.php 第 1075 行.
INFO: [ action_begin ] --START--
INFO: [ action_begin ] --END-- [ RunTime:0.000000s ]
NOTIC: [8] Undefined index: n F:\phpstudy\WWW\thinkphpwxpay\Application\Home\Controller\IndexController.class.php 第 67 行.

[ 2017-12-15T23:36:28+08:00 ] 127.0.0.1 /thinkphpwxpay/index.php/Home/Index/sms?N=14755336339
INFO: [ app_init ] --START--
INFO: [ app_init ] --END-- [ RunTime:0.000000s ]
INFO: [ path_info ] --START--
INFO: [ path_info ] --END-- [ RunTime:0.000000s ]
INFO: [ app_begin ] --START--
INFO: Run Behavior\ReadHtmlCache [ RunTime:0.000000s ]
INFO: [ app_begin ] --END-- [ RunTime:0.000000s ]
NOTIC: [2] session_start(): open(F:\phpstudy\tmp\tmp\sess_ofclgn46865gneccbqjoi2udi4, O_RDWR) failed: No such file or directory (2) F:\phpstudy\WWW\ThinkPHP\Common\functions.php 第 1075 行.
INFO: [ action_begin ] --START--
INFO: [ action_begin ] --END-- [ RunTime:0.000000s ]
NOTIC: [8] Undefined index: n F:\phpstudy\WWW\thinkphpwxpay\Application\Home\Controller\IndexController.class.php 第 67 行.

[ 2017-12-15T23:36:33+08:00 ] 127.0.0.1 /thinkphpwxpay/index.php/Home/Index/sms?N=14755336339
INFO: [ app_init ] --START--
INFO: [ app_init ] --END-- [ RunTime:0.000000s ]
INFO: [ path_info ] --START--
INFO: [ path_info ] --END-- [ RunTime:0.000000s ]
INFO: [ app_begin ] --START--
INFO: Run Behavior\ReadHtmlCache [ RunTime:0.000000s ]
INFO: [ app_begin ] --END-- [ RunTime:0.000000s ]
NOTIC: [2] session_start(): open(F:\phpstudy\tmp\tmp\sess_ofclgn46865gneccbqjoi2udi4, O_RDWR) failed: No such file or directory (2) F:\phpstudy\WWW\ThinkPHP\Common\functions.php 第 1075 行.

[ 2017-12-15T23:36:35+08:00 ] 127.0.0.1 /thinkphpwxpay/index.php/Home/Index/sms?N=14755336339
INFO: [ app_init ] --START--
INFO: [ app_init ] --END-- [ RunTime:0.000000s ]
INFO: [ path_info ] --START--
INFO: [ path_info ] --END-- [ RunTime:0.000000s ]
INFO: [ app_begin ] --START--
INFO: Run Behavior\ReadHtmlCache [ RunTime:0.000000s ]
INFO: [ app_begin ] --END-- [ RunTime:0.000000s ]
NOTIC: [2] session_start(): open(F:\phpstudy\tmp\tmp\sess_ofclgn46865gneccbqjoi2udi4, O_RDWR) failed: No such file or directory (2) F:\phpstudy\WWW\ThinkPHP\Common\functions.php 第 1075 行.
INFO: [ action_begin ] --START--
INFO: [ action_begin ] --END-- [ RunTime:0.000000s ]
NOTIC: [8] Undefined index: n F:\phpstudy\WWW\thinkphpwxpay\Application\Home\Controller\IndexController.class.php 第 67 行.

[ 2017-12-15T23:37:44+08:00 ] 127.0.0.1 /thinkphpwxpay/index.php/Home/Index/sms?N=14755336339
INFO: [ app_init ] --START--
INFO: [ app_init ] --END-- [ RunTime:0.000000s ]
INFO: [ path_info ] --START--
INFO: [ path_info ] --END-- [ RunTime:0.000000s ]
INFO: [ app_begin ] --START--
INFO: Run Behavior\ReadHtmlCache [ RunTime:0.000000s ]
INFO: [ app_begin ] --END-- [ RunTime:0.000000s ]
NOTIC: [2] session_start(): open(F:\phpstudy\tmp\tmp\sess_ofclgn46865gneccbqjoi2udi4, O_RDWR) failed: No such file or directory (2) F:\phpstudy\WWW\ThinkPHP\Common\functions.php 第 1075 行.
INFO: [ action_begin ] --START--
INFO: [ action_begin ] --END-- [ RunTime:0.000000s ]
NOTIC: [8] Undefined index: n F:\phpstudy\WWW\thinkphpwxpay\Application\Home\Controller\IndexController.class.php 第 67 行.

[ 2017-12-15T23:37:44+08:00 ] 127.0.0.1 /thinkphpwxpay/index.php/Home/Index/sms?N=14755336339
INFO: [ app_init ] --START--
INFO: [ app_init ] --END-- [ RunTime:0.000000s ]
INFO: [ path_info ] --START--
INFO: [ path_info ] --END-- [ RunTime:0.000000s ]
INFO: [ app_begin ] --START--
INFO: Run Behavior\ReadHtmlCache [ RunTime:0.000000s ]
INFO: [ app_begin ] --END-- [ RunTime:0.000000s ]
NOTIC: [2] session_start(): open(F:\phpstudy\tmp\tmp\sess_ofclgn46865gneccbqjoi2udi4, O_RDWR) failed: No such file or directory (2) F:\phpstudy\WWW\ThinkPHP\Common\functions.php 第 1075 行.
INFO: [ action_begin ] --START--
INFO: [ action_begin ] --END-- [ RunTime:0.000000s ]
NOTIC: [8] Undefined index: n F:\phpstudy\WWW\thinkphpwxpay\Application\Home\Controller\IndexController.class.php 第 67 行.

[ 2017-12-15T23:37:44+08:00 ] 127.0.0.1 /thinkphpwxpay/index.php/Home/Index/sms?N=14755336339
INFO: [ app_init ] --START--
INFO: [ app_init ] --END-- [ RunTime:0.000000s ]
INFO: [ path_info ] --START--
INFO: [ path_info ] --END-- [ RunTime:0.001000s ]
INFO: [ app_begin ] --START--
INFO: Run Behavior\ReadHtmlCache [ RunTime:0.000000s ]
INFO: [ app_begin ] --END-- [ RunTime:0.000000s ]
NOTIC: [2] session_start(): open(F:\phpstudy\tmp\tmp\sess_ofclgn46865gneccbqjoi2udi4, O_RDWR) failed: No such file or directory (2) F:\phpstudy\WWW\ThinkPHP\Common\functions.php 第 1075 行.
INFO: [ action_begin ] --START--
INFO: [ action_begin ] --END-- [ RunTime:0.000000s ]
NOTIC: [8] Undefined index: n F:\phpstudy\WWW\thinkphpwxpay\Application\Home\Controller\IndexController.class.php 第 67 行.

[ 2017-12-15T23:37:49+08:00 ] 127.0.0.1 /thinkphpwxpay/index.php/Home/Index/sms?n=14755336339
INFO: [ app_init ] --START--
INFO: [ app_init ] --END-- [ RunTime:0.000000s ]
INFO: [ path_info ] --START--
INFO: [ path_info ] --END-- [ RunTime:0.000000s ]
INFO: [ app_begin ] --START--
INFO: Run Behavior\ReadHtmlCache [ RunTime:0.000000s ]
INFO: [ app_begin ] --END-- [ RunTime:0.000000s ]
NOTIC: [2] session_start(): open(F:\phpstudy\tmp\tmp\sess_ofclgn46865gneccbqjoi2udi4, O_RDWR) failed: No such file or directory (2) F:\phpstudy\WWW\ThinkPHP\Common\functions.php 第 1075 行.
INFO: [ action_begin ] --START--
INFO: [ action_begin ] --END-- [ RunTime:0.000000s ]

[ 2017-12-15T23:38:31+08:00 ] 127.0.0.1 /thinkphpwxpay/index.php/Home/Index/sms?n=14755336339
INFO: [ app_init ] --START--
INFO: [ app_init ] --END-- [ RunTime:0.000000s ]
INFO: [ path_info ] --START--
INFO: [ path_info ] --END-- [ RunTime:0.000000s ]
INFO: [ app_begin ] --START--
INFO: Run Behavior\ReadHtmlCache [ RunTime:0.000000s ]
INFO: [ app_begin ] --END-- [ RunTime:0.000000s ]
NOTIC: [2] session_start(): open(F:\phpstudy\tmp\tmp\sess_ofclgn46865gneccbqjoi2udi4, O_RDWR) failed: No such file or directory (2) F:\phpstudy\WWW\ThinkPHP\Common\functions.php 第 1075 行.
INFO: [ action_begin ] --START--
INFO: [ action_begin ] --END-- [ RunTime:0.000000s ]

[ 2017-12-15T23:38:31+08:00 ] 127.0.0.1 /thinkphpwxpay/index.php/Home/Index/sms?n=14755336339
INFO: [ app_init ] --START--
INFO: [ app_init ] --END-- [ RunTime:0.000000s ]
INFO: [ path_info ] --START--
INFO: [ path_info ] --END-- [ RunTime:0.000000s ]
INFO: [ app_begin ] --START--
INFO: Run Behavior\ReadHtmlCache [ RunTime:0.000000s ]
INFO: [ app_begin ] --END-- [ RunTime:0.000000s ]
NOTIC: [2] session_start(): open(F:\phpstudy\tmp\tmp\sess_ofclgn46865gneccbqjoi2udi4, O_RDWR) failed: No such file or directory (2) F:\phpstudy\WWW\ThinkPHP\Common\functions.php 第 1075 行.
INFO: [ action_begin ] --START--
INFO: [ action_begin ] --END-- [ RunTime:0.000000s ]

[ 2017-12-15T23:38:32+08:00 ] 127.0.0.1 /thinkphpwxpay/index.php/Home/Index/sms?n=14755336339
INFO: [ app_init ] --START--
INFO: [ app_init ] --END-- [ RunTime:0.000000s ]
INFO: [ path_info ] --START--
INFO: [ path_info ] --END-- [ RunTime:0.000000s ]
INFO: [ app_begin ] --START--
INFO: Run Behavior\ReadHtmlCache [ RunTime:0.000000s ]
INFO: [ app_begin ] --END-- [ RunTime:0.000000s ]
NOTIC: [2] session_start(): open(F:\phpstudy\tmp\tmp\sess_ofclgn46865gneccbqjoi2udi4, O_RDWR) failed: No such file or directory (2) F:\phpstudy\WWW\ThinkPHP\Common\functions.php 第 1075 行.
INFO: [ action_begin ] --START--
INFO: [ action_begin ] --END-- [ RunTime:0.000000s ]

[ 2017-12-15T23:38:32+08:00 ] 127.0.0.1 /thinkphpwxpay/index.php/Home/Index/sms?n=14755336339
INFO: [ app_init ] --START--
INFO: [ app_init ] --END-- [ RunTime:0.000000s ]
INFO: [ path_info ] --START--
INFO: [ path_info ] --END-- [ RunTime:0.000000s ]
INFO: [ app_begin ] --START--
INFO: Run Behavior\ReadHtmlCache [ RunTime:0.000000s ]
INFO: [ app_begin ] --END-- [ RunTime:0.000000s ]
NOTIC: [2] session_start(): open(F:\phpstudy\tmp\tmp\sess_ofclgn46865gneccbqjoi2udi4, O_RDWR) failed: No such file or directory (2) F:\phpstudy\WWW\ThinkPHP\Common\functions.php 第 1075 行.
INFO: [ action_begin ] --START--
INFO: [ action_begin ] --END-- [ RunTime:0.000000s ]

[ 2017-12-15T23:38:32+08:00 ] 127.0.0.1 /thinkphpwxpay/index.php/Home/Index/sms?n=14755336339
INFO: [ app_init ] --START--
INFO: [ app_init ] --END-- [ RunTime:0.000000s ]
INFO: [ path_info ] --START--
INFO: [ path_info ] --END-- [ RunTime:0.000000s ]
INFO: [ app_begin ] --START--
INFO: Run Behavior\ReadHtmlCache [ RunTime:0.000000s ]
INFO: [ app_begin ] --END-- [ RunTime:0.000000s ]
NOTIC: [2] session_start(): open(F:\phpstudy\tmp\tmp\sess_ofclgn46865gneccbqjoi2udi4, O_RDWR) failed: No such file or directory (2) F:\phpstudy\WWW\ThinkPHP\Common\functions.php 第 1075 行.
INFO: [ action_begin ] --START--
INFO: [ action_begin ] --END-- [ RunTime:0.000000s ]

[ 2017-12-15T23:38:32+08:00 ] 127.0.0.1 /thinkphpwxpay/index.php/Home/Index/sms?n=14755336339
INFO: [ app_init ] --START--
INFO: [ app_init ] --END-- [ RunTime:0.000000s ]
INFO: [ path_info ] --START--
INFO: [ path_info ] --END-- [ RunTime:0.000000s ]
INFO: [ app_begin ] --START--
INFO: Run Behavior\ReadHtmlCache [ RunTime:0.000000s ]
INFO: [ app_begin ] --END-- [ RunTime:0.000000s ]
NOTIC: [2] session_start(): open(F:\phpstudy\tmp\tmp\sess_ofclgn46865gneccbqjoi2udi4, O_RDWR) failed: No such file or directory (2) F:\phpstudy\WWW\ThinkPHP\Common\functions.php 第 1075 行.
INFO: [ action_begin ] --START--
INFO: [ action_begin ] --END-- [ RunTime:0.000000s ]

[ 2017-12-15T23:38:46+08:00 ] 127.0.0.1 /thinkphpwxpay/index.php/Home/Index/SMS?n=14755336339
INFO: [ app_init ] --START--
INFO: [ app_init ] --END-- [ RunTime:0.001000s ]
INFO: [ path_info ] --START--
INFO: [ path_info ] --END-- [ RunTime:0.000000s ]
INFO: [ app_begin ] --START--
INFO: Run Behavior\ReadHtmlCache [ RunTime:0.000000s ]
INFO: [ app_begin ] --END-- [ RunTime:0.000000s ]
NOTIC: [2] session_start(): open(F:\phpstudy\tmp\tmp\sess_ofclgn46865gneccbqjoi2udi4, O_RDWR) failed: No such file or directory (2) F:\phpstudy\WWW\ThinkPHP\Common\functions.php 第 1075 行.
INFO: [ action_begin ] --START--
INFO: [ action_begin ] --END-- [ RunTime:0.000000s ]

[ 2017-12-15T23:38:55+08:00 ] 127.0.0.1 /thinkphpwxpay/index.php/Home/Index/SMS?n=14755336339
INFO: [ app_init ] --START--
INFO: [ app_init ] --END-- [ RunTime:0.000000s ]
INFO: [ path_info ] --START--
INFO: [ path_info ] --END-- [ RunTime:0.000000s ]
INFO: [ app_begin ] --START--
INFO: Run Behavior\ReadHtmlCache [ RunTime:0.000000s ]
INFO: [ app_begin ] --END-- [ RunTime:0.000000s ]
NOTIC: [2] session_start(): open(F:\phpstudy\tmp\tmp\sess_ofclgn46865gneccbqjoi2udi4, O_RDWR) failed: No such file or directory (2) F:\phpstudy\WWW\ThinkPHP\Common\functions.php 第 1075 行.
INFO: [ action_begin ] --START--
INFO: [ action_begin ] --END-- [ RunTime:0.000000s ]

[ 2017-12-15T23:38:55+08:00 ] 127.0.0.1 /thinkphpwxpay/index.php/Home/Index/SMS?n=14755336339
INFO: [ app_init ] --START--
INFO: [ app_init ] --END-- [ RunTime:0.000000s ]
INFO: [ path_info ] --START--
INFO: [ path_info ] --END-- [ RunTime:0.000000s ]
INFO: [ app_begin ] --START--
INFO: Run Behavior\ReadHtmlCache [ RunTime:0.000000s ]
INFO: [ app_begin ] --END-- [ RunTime:0.000000s ]
NOTIC: [2] session_start(): open(F:\phpstudy\tmp\tmp\sess_ofclgn46865gneccbqjoi2udi4, O_RDWR) failed: No such file or directory (2) F:\phpstudy\WWW\ThinkPHP\Common\functions.php 第 1075 行.
INFO: [ action_begin ] --START--
INFO: [ action_begin ] --END-- [ RunTime:0.000000s ]

[ 2017-12-15T23:41:08+08:00 ] 127.0.0.1 /thinkphpwxpay/index.php/Home/Index/SMS?n=14755336339
INFO: [ app_init ] --START--
INFO: [ app_init ] --END-- [ RunTime:0.000000s ]
INFO: [ path_info ] --START--
INFO: [ path_info ] --END-- [ RunTime:0.000000s ]
INFO: [ app_begin ] --START--
INFO: Run Behavior\ReadHtmlCache [ RunTime:0.000000s ]
INFO: [ app_begin ] --END-- [ RunTime:0.000000s ]
NOTIC: [2] session_start(): open(F:\phpstudy\tmp\tmp\sess_ofclgn46865gneccbqjoi2udi4, O_RDWR) failed: No such file or directory (2) F:\phpstudy\WWW\ThinkPHP\Common\functions.php 第 1075 行.
INFO: [ action_begin ] --START--
INFO: [ action_begin ] --END-- [ RunTime:0.000000s ]

[ 2017-12-15T23:41:09+08:00 ] 127.0.0.1 /thinkphpwxpay/index.php/Home/Index/SMS?n=14755336339
INFO: [ app_init ] --START--
INFO: [ app_init ] --END-- [ RunTime:0.000000s ]
INFO: [ path_info ] --START--
INFO: [ path_info ] --END-- [ RunTime:0.000000s ]
INFO: [ app_begin ] --START--
INFO: Run Behavior\ReadHtmlCache [ RunTime:0.000000s ]
INFO: [ app_begin ] --END-- [ RunTime:0.000000s ]
NOTIC: [2] session_start(): open(F:\phpstudy\tmp\tmp\sess_ofclgn46865gneccbqjoi2udi4, O_RDWR) failed: No such file or directory (2) F:\phpstudy\WWW\ThinkPHP\Common\functions.php 第 1075 行.
INFO: [ action_begin ] --START--
INFO: [ action_begin ] --END-- [ RunTime:0.000000s ]

[ 2017-12-15T23:41:09+08:00 ] 127.0.0.1 /thinkphpwxpay/index.php/Home/Index/SMS?n=14755336339
INFO: [ app_init ] --START--
INFO: [ app_init ] --END-- [ RunTime:0.000000s ]
INFO: [ path_info ] --START--
INFO: [ path_info ] --END-- [ RunTime:0.000000s ]
INFO: [ app_begin ] --START--
INFO: Run Behavior\ReadHtmlCache [ RunTime:0.000000s ]
INFO: [ app_begin ] --END-- [ RunTime:0.000000s ]
NOTIC: [2] session_start(): open(F:\phpstudy\tmp\tmp\sess_ofclgn46865gneccbqjoi2udi4, O_RDWR) failed: No such file or directory (2) F:\phpstudy\WWW\ThinkPHP\Common\functions.php 第 1075 行.
INFO: [ action_begin ] --START--
INFO: [ action_begin ] --END-- [ RunTime:0.000000s ]

[ 2017-12-15T23:41:09+08:00 ] 127.0.0.1 /thinkphpwxpay/index.php/Home/Index/SMS?n=14755336339
INFO: [ app_init ] --START--
INFO: [ app_init ] --END-- [ RunTime:0.000000s ]
INFO: [ path_info ] --START--
INFO: [ path_info ] --END-- [ RunTime:0.000000s ]
INFO: [ app_begin ] --START--
INFO: Run Behavior\ReadHtmlCache [ RunTime:0.000000s ]
INFO: [ app_begin ] --END-- [ RunTime:0.000000s ]
NOTIC: [2] session_start(): open(F:\phpstudy\tmp\tmp\sess_ofclgn46865gneccbqjoi2udi4, O_RDWR) failed: No such file or directory (2) F:\phpstudy\WWW\ThinkPHP\Common\functions.php 第 1075 行.
INFO: [ action_begin ] --START--
INFO: [ action_begin ] --END-- [ RunTime:0.000000s ]

[ 2017-12-15T23:41:41+08:00 ] 127.0.0.1 /thinkphpwxpay/index.php/Home/Index/SMS?n=14755336339
INFO: [ app_init ] --START--
INFO: [ app_init ] --END-- [ RunTime:0.000000s ]
INFO: [ path_info ] --START--
INFO: [ path_info ] --END-- [ RunTime:0.000000s ]
INFO: [ app_begin ] --START--
INFO: Run Behavior\ReadHtmlCache [ RunTime:0.000000s ]
INFO: [ app_begin ] --END-- [ RunTime:0.000000s ]
NOTIC: [2] session_start(): open(F:\phpstudy\tmp\tmp\sess_ofclgn46865gneccbqjoi2udi4, O_RDWR) failed: No such file or directory (2) F:\phpstudy\WWW\ThinkPHP\Common\functions.php 第 1075 行.
INFO: [ action_begin ] --START--
INFO: [ action_begin ] --END-- [ RunTime:0.000000s ]

[ 2017-12-15T23:41:42+08:00 ] 127.0.0.1 /thinkphpwxpay/index.php/Home/Index/SMS?n=14755336339
INFO: [ app_init ] --START--
INFO: [ app_init ] --END-- [ RunTime:0.000000s ]
INFO: [ path_info ] --START--
INFO: [ path_info ] --END-- [ RunTime:0.000000s ]
INFO: [ app_begin ] --START--
INFO: Run Behavior\ReadHtmlCache [ RunTime:0.000000s ]
INFO: [ app_begin ] --END-- [ RunTime:0.000000s ]
NOTIC: [2] session_start(): open(F:\phpstudy\tmp\tmp\sess_ofclgn46865gneccbqjoi2udi4, O_RDWR) failed: No such file or directory (2) F:\phpstudy\WWW\ThinkPHP\Common\functions.php 第 1075 行.
INFO: [ action_begin ] --START--
INFO: [ action_begin ] --END-- [ RunTime:0.000000s ]

[ 2017-12-15T23:42:38+08:00 ] 127.0.0.1 /thinkphpwxpay/index.php/Home/Index/SMS?n=14755336339
INFO: [ app_init ] --START--
INFO: [ app_init ] --END-- [ RunTime:0.000000s ]
INFO: [ path_info ] --START--
INFO: [ path_info ] --END-- [ RunTime:0.000000s ]
INFO: [ app_begin ] --START--
INFO: Run Behavior\ReadHtmlCache [ RunTime:0.000000s ]
INFO: [ app_begin ] --END-- [ RunTime:0.000000s ]
NOTIC: [2] session_start(): open(F:\phpstudy\tmp\tmp\sess_ofclgn46865gneccbqjoi2udi4, O_RDWR) failed: No such file or directory (2) F:\phpstudy\WWW\ThinkPHP\Common\functions.php 第 1075 行.
INFO: [ action_begin ] --START--
INFO: [ action_begin ] --END-- [ RunTime:0.000000s ]

[ 2017-12-15T23:42:38+08:00 ] 127.0.0.1 /thinkphpwxpay/index.php/Home/Index/SMS?n=14755336339
INFO: [ app_init ] --START--
INFO: [ app_init ] --END-- [ RunTime:0.000000s ]
INFO: [ path_info ] --START--
INFO: [ path_info ] --END-- [ RunTime:0.000000s ]
INFO: [ app_begin ] --START--
INFO: Run Behavior\ReadHtmlCache [ RunTime:0.000000s ]
INFO: [ app_begin ] --END-- [ RunTime:0.000000s ]
NOTIC: [2] session_start(): open(F:\phpstudy\tmp\tmp\sess_ofclgn46865gneccbqjoi2udi4, O_RDWR) failed: No such file or directory (2) F:\phpstudy\WWW\ThinkPHP\Common\functions.php 第 1075 行.
INFO: [ action_begin ] --START--
INFO: [ action_begin ] --END-- [ RunTime:0.000000s ]

[ 2017-12-15T23:42:38+08:00 ] 127.0.0.1 /thinkphpwxpay/index.php/Home/Index/SMS?n=14755336339
INFO: [ app_init ] --START--
INFO: [ app_init ] --END-- [ RunTime:0.000000s ]
INFO: [ path_info ] --START--
INFO: [ path_info ] --END-- [ RunTime:0.000000s ]
INFO: [ app_begin ] --START--
INFO: Run Behavior\ReadHtmlCache [ RunTime:0.000000s ]
INFO: [ app_begin ] --END-- [ RunTime:0.000000s ]
NOTIC: [2] session_start(): open(F:\phpstudy\tmp\tmp\sess_ofclgn46865gneccbqjoi2udi4, O_RDWR) failed: No such file or directory (2) F:\phpstudy\WWW\ThinkPHP\Common\functions.php 第 1075 行.
INFO: [ action_begin ] --START--
INFO: [ action_begin ] --END-- [ RunTime:0.000000s ]

[ 2017-12-15T23:42:39+08:00 ] 127.0.0.1 /thinkphpwxpay/index.php/Home/Index/SMS?n=14755336339
INFO: [ app_init ] --START--
INFO: [ app_init ] --END-- [ RunTime:0.000000s ]
INFO: [ path_info ] --START--
INFO: [ path_info ] --END-- [ RunTime:0.000000s ]
INFO: [ app_begin ] --START--
INFO: Run Behavior\ReadHtmlCache [ RunTime:0.000000s ]
INFO: [ app_begin ] --END-- [ RunTime:0.001000s ]
NOTIC: [2] session_start(): open(F:\phpstudy\tmp\tmp\sess_ofclgn46865gneccbqjoi2udi4, O_RDWR) failed: No such file or directory (2) F:\phpstudy\WWW\ThinkPHP\Common\functions.php 第 1075 行.
INFO: [ action_begin ] --START--
INFO: [ action_begin ] --END-- [ RunTime:0.000000s ]

[ 2017-12-15T23:42:39+08:00 ] 127.0.0.1 /thinkphpwxpay/index.php/Home/Index/SMS?n=14755336339
INFO: [ app_init ] --START--
INFO: [ app_init ] --END-- [ RunTime:0.000000s ]
INFO: [ path_info ] --START--
INFO: [ path_info ] --END-- [ RunTime:0.000000s ]
INFO: [ app_begin ] --START--
INFO: Run Behavior\ReadHtmlCache [ RunTime:0.000000s ]
INFO: [ app_begin ] --END-- [ RunTime:0.000000s ]
NOTIC: [2] session_start(): open(F:\phpstudy\tmp\tmp\sess_ofclgn46865gneccbqjoi2udi4, O_RDWR) failed: No such file or directory (2) F:\phpstudy\WWW\ThinkPHP\Common\functions.php 第 1075 行.
INFO: [ action_begin ] --START--
INFO: [ action_begin ] --END-- [ RunTime:0.000000s ]

[ 2017-12-15T23:42:39+08:00 ] 127.0.0.1 /thinkphpwxpay/index.php/Home/Index/SMS?n=14755336339
INFO: [ app_init ] --START--
INFO: [ app_init ] --END-- [ RunTime:0.000000s ]
INFO: [ path_info ] --START--
INFO: [ path_info ] --END-- [ RunTime:0.000000s ]
INFO: [ app_begin ] --START--
INFO: Run Behavior\ReadHtmlCache [ RunTime:0.000000s ]
INFO: [ app_begin ] --END-- [ RunTime:0.000000s ]
NOTIC: [2] session_start(): open(F:\phpstudy\tmp\tmp\sess_ofclgn46865gneccbqjoi2udi4, O_RDWR) failed: No such file or directory (2) F:\phpstudy\WWW\ThinkPHP\Common\functions.php 第 1075 行.
INFO: [ action_begin ] --START--
INFO: [ action_begin ] --END-- [ RunTime:0.000000s ]

[ 2017-12-15T23:42:39+08:00 ] 127.0.0.1 /thinkphpwxpay/index.php/Home/Index/SMS?n=14755336339
INFO: [ app_init ] --START--
INFO: [ app_init ] --END-- [ RunTime:0.000000s ]
INFO: [ path_info ] --START--
INFO: [ path_info ] --END-- [ RunTime:0.000000s ]
INFO: [ app_begin ] --START--
INFO: Run Behavior\ReadHtmlCache [ RunTime:0.000000s ]
INFO: [ app_begin ] --END-- [ RunTime:0.000000s ]
NOTIC: [2] session_start(): open(F:\phpstudy\tmp\tmp\sess_ofclgn46865gneccbqjoi2udi4, O_RDWR) failed: No such file or directory (2) F:\phpstudy\WWW\ThinkPHP\Common\functions.php 第 1075 行.
INFO: [ action_begin ] --START--
INFO: [ action_begin ] --END-- [ RunTime:0.000000s ]

[ 2017-12-15T23:42:49+08:00 ] 127.0.0.1 /thinkphpwxpay/index.php/Home/Index/SMS?n=14755336339
INFO: [ app_init ] --START--
INFO: [ app_init ] --END-- [ RunTime:0.000000s ]
INFO: [ path_info ] --START--
INFO: [ path_info ] --END-- [ RunTime:0.000000s ]
INFO: [ app_begin ] --START--
INFO: Run Behavior\ReadHtmlCache [ RunTime:0.000000s ]
INFO: [ app_begin ] --END-- [ RunTime:0.000000s ]
NOTIC: [2] session_start(): open(F:\phpstudy\tmp\tmp\sess_ofclgn46865gneccbqjoi2udi4, O_RDWR) failed: No such file or directory (2) F:\phpstudy\WWW\ThinkPHP\Common\functions.php 第 1075 行.
INFO: [ action_begin ] --START--
INFO: [ action_begin ] --END-- [ RunTime:0.000000s ]

[ 2017-12-15T23:42:49+08:00 ] 127.0.0.1 /thinkphpwxpay/index.php/Home/Index/SMS?n=14755336339
INFO: [ app_init ] --START--
INFO: [ app_init ] --END-- [ RunTime:0.000000s ]
INFO: [ path_info ] --START--
INFO: [ path_info ] --END-- [ RunTime:0.000000s ]
INFO: [ app_begin ] --START--
INFO: Run Behavior\ReadHtmlCache [ RunTime:0.000000s ]
INFO: [ app_begin ] --END-- [ RunTime:0.000000s ]
NOTIC: [2] session_start(): open(F:\phpstudy\tmp\tmp\sess_ofclgn46865gneccbqjoi2udi4, O_RDWR) failed: No such file or directory (2) F:\phpstudy\WWW\ThinkPHP\Common\functions.php 第 1075 行.
INFO: [ action_begin ] --START--
INFO: [ action_begin ] --END-- [ RunTime:0.000000s ]

[ 2017-12-15T23:42:57+08:00 ] 127.0.0.1 /thinkphpwxpay/index.php/Home/Index/SMS?n=14755336339
INFO: [ app_init ] --START--
INFO: [ app_init ] --END-- [ RunTime:0.000000s ]
INFO: [ path_info ] --START--
INFO: [ path_info ] --END-- [ RunTime:0.000000s ]
INFO: [ app_begin ] --START--
INFO: Run Behavior\ReadHtmlCache [ RunTime:0.000000s ]
INFO: [ app_begin ] --END-- [ RunTime:0.000000s ]
NOTIC: [2] session_start(): open(F:\phpstudy\tmp\tmp\sess_ofclgn46865gneccbqjoi2udi4, O_RDWR) failed: No such file or directory (2) F:\phpstudy\WWW\ThinkPHP\Common\functions.php 第 1075 行.
INFO: [ action_begin ] --START--
INFO: [ action_begin ] --END-- [ RunTime:0.000000s ]

[ 2017-12-15T23:42:57+08:00 ] 127.0.0.1 /thinkphpwxpay/index.php/Home/Index/SMS?n=14755336339
INFO: [ app_init ] --START--
INFO: [ app_init ] --END-- [ RunTime:0.000000s ]
INFO: [ path_info ] --START--
INFO: [ path_info ] --END-- [ RunTime:0.000000s ]
INFO: [ app_begin ] --START--
INFO: Run Behavior\ReadHtmlCache [ RunTime:0.001000s ]
INFO: [ app_begin ] --END-- [ RunTime:0.001000s ]
NOTIC: [2] session_start(): open(F:\phpstudy\tmp\tmp\sess_ofclgn46865gneccbqjoi2udi4, O_RDWR) failed: No such file or directory (2) F:\phpstudy\WWW\ThinkPHP\Common\functions.php 第 1075 行.
INFO: [ action_begin ] --START--
INFO: [ action_begin ] --END-- [ RunTime:0.000000s ]

[ 2017-12-15T23:42:57+08:00 ] 127.0.0.1 /thinkphpwxpay/index.php/Home/Index/SMS?n=14755336339
INFO: [ app_init ] --START--
INFO: [ app_init ] --END-- [ RunTime:0.001000s ]
INFO: [ path_info ] --START--
INFO: [ path_info ] --END-- [ RunTime:0.000000s ]
INFO: [ app_begin ] --START--
INFO: Run Behavior\ReadHtmlCache [ RunTime:0.000000s ]
INFO: [ app_begin ] --END-- [ RunTime:0.000000s ]
NOTIC: [2] session_start(): open(F:\phpstudy\tmp\tmp\sess_ofclgn46865gneccbqjoi2udi4, O_RDWR) failed: No such file or directory (2) F:\phpstudy\WWW\ThinkPHP\Common\functions.php 第 1075 行.
INFO: [ action_begin ] --START--
INFO: [ action_begin ] --END-- [ RunTime:0.000000s ]

[ 2017-12-15T23:43:21+08:00 ] 127.0.0.1 /thinkphpwxpay/index.php/Home/Index/SMS?n=14755336339
INFO: [ app_init ] --START--
INFO: [ app_init ] --END-- [ RunTime:0.000000s ]
INFO: [ path_info ] --START--
INFO: [ path_info ] --END-- [ RunTime:0.000000s ]
INFO: [ app_begin ] --START--
INFO: Run Behavior\ReadHtmlCache [ RunTime:0.000000s ]
INFO: [ app_begin ] --END-- [ RunTime:0.000000s ]
NOTIC: [2] session_start(): open(F:\phpstudy\tmp\tmp\sess_ofclgn46865gneccbqjoi2udi4, O_RDWR) failed: No such file or directory (2) F:\phpstudy\WWW\ThinkPHP\Common\functions.php 第 1075 行.
INFO: [ action_begin ] --START--
INFO: [ action_begin ] --END-- [ RunTime:0.000000s ]

[ 2017-12-15T23:43:21+08:00 ] 127.0.0.1 /thinkphpwxpay/index.php/Home/Index/SMS?n=14755336339
INFO: [ app_init ] --START--
INFO: [ app_init ] --END-- [ RunTime:0.000000s ]
INFO: [ path_info ] --START--
INFO: [ path_info ] --END-- [ RunTime:0.001000s ]
INFO: [ app_begin ] --START--
INFO: Run Behavior\ReadHtmlCache [ RunTime:0.000000s ]
INFO: [ app_begin ] --END-- [ RunTime:0.000000s ]
NOTIC: [2] session_start(): open(F:\phpstudy\tmp\tmp\sess_ofclgn46865gneccbqjoi2udi4, O_RDWR) failed: No such file or directory (2) F:\phpstudy\WWW\ThinkPHP\Common\functions.php 第 1075 行.
INFO: [ action_begin ] --START--
INFO: [ action_begin ] --END-- [ RunTime:0.000000s ]

[ 2017-12-15T23:43:21+08:00 ] 127.0.0.1 /thinkphpwxpay/index.php/Home/Index/SMS?n=14755336339
INFO: [ app_init ] --START--
INFO: [ app_init ] --END-- [ RunTime:0.000000s ]
INFO: [ path_info ] --START--
INFO: [ path_info ] --END-- [ RunTime:0.000000s ]
INFO: [ app_begin ] --START--
INFO: Run Behavior\ReadHtmlCache [ RunTime:0.000000s ]
INFO: [ app_begin ] --END-- [ RunTime:0.000000s ]
NOTIC: [2] session_start(): open(F:\phpstudy\tmp\tmp\sess_ofclgn46865gneccbqjoi2udi4, O_RDWR) failed: No such file or directory (2) F:\phpstudy\WWW\ThinkPHP\Common\functions.php 第 1075 行.
INFO: [ action_begin ] --START--
INFO: [ action_begin ] --END-- [ RunTime:0.000000s ]

[ 2017-12-15T23:43:31+08:00 ] 127.0.0.1 /thinkphpwxpay/index.php/Home/Index/SMS?n=14755336339
INFO: [ app_init ] --START--
INFO: [ app_init ] --END-- [ RunTime:0.000000s ]
INFO: [ path_info ] --START--
INFO: [ path_info ] --END-- [ RunTime:0.000000s ]
INFO: [ app_begin ] --START--
INFO: Run Behavior\ReadHtmlCache [ RunTime:0.000000s ]
INFO: [ app_begin ] --END-- [ RunTime:0.000000s ]
NOTIC: [2] session_start(): open(F:\phpstudy\tmp\tmp\sess_ofclgn46865gneccbqjoi2udi4, O_RDWR) failed: No such file or directory (2) F:\phpstudy\WWW\ThinkPHP\Common\functions.php 第 1075 行.
INFO: [ action_begin ] --START--
INFO: [ action_begin ] --END-- [ RunTime:0.000000s ]

[ 2017-12-15T23:43:32+08:00 ] 127.0.0.1 /thinkphpwxpay/index.php/Home/Index/SMS?n=14755336339
INFO: [ app_init ] --START--
INFO: [ app_init ] --END-- [ RunTime:0.000000s ]
INFO: [ path_info ] --START--
INFO: [ path_info ] --END-- [ RunTime:0.000000s ]
INFO: [ app_begin ] --START--
INFO: Run Behavior\ReadHtmlCache [ RunTime:0.001000s ]
INFO: [ app_begin ] --END-- [ RunTime:0.001000s ]
NOTIC: [2] session_start(): open(F:\phpstudy\tmp\tmp\sess_ofclgn46865gneccbqjoi2udi4, O_RDWR) failed: No such file or directory (2) F:\phpstudy\WWW\ThinkPHP\Common\functions.php 第 1075 行.
INFO: [ action_begin ] --START--
INFO: [ action_begin ] --END-- [ RunTime:0.000000s ]

[ 2017-12-15T23:43:34+08:00 ] 127.0.0.1 /thinkphpwxpay/index.php/Home/Index/SMS?n=14755336339
INFO: [ app_init ] --START--
INFO: [ app_init ] --END-- [ RunTime:0.000000s ]
INFO: [ path_info ] --START--
INFO: [ path_info ] --END-- [ RunTime:0.000000s ]
INFO: [ app_begin ] --START--
INFO: Run Behavior\ReadHtmlCache [ RunTime:0.000000s ]
INFO: [ app_begin ] --END-- [ RunTime:0.000000s ]
NOTIC: [2] session_start(): open(F:\phpstudy\tmp\tmp\sess_ofclgn46865gneccbqjoi2udi4, O_RDWR) failed: No such file or directory (2) F:\phpstudy\WWW\ThinkPHP\Common\functions.php 第 1075 行.
INFO: [ action_begin ] --START--
INFO: [ action_begin ] --END-- [ RunTime:0.000000s ]

[ 2017-12-15T23:43:35+08:00 ] 127.0.0.1 /thinkphpwxpay/index.php/Home/Index/SMS?n=14755336339
INFO: [ app_init ] --START--
INFO: [ app_init ] --END-- [ RunTime:0.000000s ]
INFO: [ path_info ] --START--
INFO: [ path_info ] --END-- [ RunTime:0.000000s ]
INFO: [ app_begin ] --START--
INFO: Run Behavior\ReadHtmlCache [ RunTime:0.000000s ]
INFO: [ app_begin ] --END-- [ RunTime:0.000000s ]
NOTIC: [2] session_start(): open(F:\phpstudy\tmp\tmp\sess_ofclgn46865gneccbqjoi2udi4, O_RDWR) failed: No such file or directory (2) F:\phpstudy\WWW\ThinkPHP\Common\functions.php 第 1075 行.
INFO: [ action_begin ] --START--
INFO: [ action_begin ] --END-- [ RunTime:0.000000s ]

[ 2017-12-15T23:44:20+08:00 ] 127.0.0.1 /thinkphpwxpay/index.php/Home/Index/SMS?n=14755336339
INFO: [ app_init ] --START--
INFO: [ app_init ] --END-- [ RunTime:0.000000s ]
INFO: [ path_info ] --START--
INFO: [ path_info ] --END-- [ RunTime:0.000000s ]
INFO: [ app_begin ] --START--
INFO: Run Behavior\ReadHtmlCache [ RunTime:0.000000s ]
INFO: [ app_begin ] --END-- [ RunTime:0.000000s ]
NOTIC: [2] session_start(): open(F:\phpstudy\tmp\tmp\sess_ofclgn46865gneccbqjoi2udi4, O_RDWR) failed: No such file or directory (2) F:\phpstudy\WWW\ThinkPHP\Common\functions.php 第 1075 行.
INFO: [ action_begin ] --START--
INFO: [ action_begin ] --END-- [ RunTime:0.000000s ]

[ 2017-12-15T23:44:21+08:00 ] 127.0.0.1 /thinkphpwxpay/index.php/Home/Index/SMS?n=14755336339
INFO: [ app_init ] --START--
INFO: [ app_init ] --END-- [ RunTime:0.000000s ]
INFO: [ path_info ] --START--
INFO: [ path_info ] --END-- [ RunTime:0.000000s ]
INFO: [ app_begin ] --START--
INFO: Run Behavior\ReadHtmlCache [ RunTime:0.000000s ]
INFO: [ app_begin ] --END-- [ RunTime:0.000000s ]
NOTIC: [2] session_start(): open(F:\phpstudy\tmp\tmp\sess_ofclgn46865gneccbqjoi2udi4, O_RDWR) failed: No such file or directory (2) F:\phpstudy\WWW\ThinkPHP\Common\functions.php 第 1075 行.
INFO: [ action_begin ] --START--
INFO: [ action_begin ] --END-- [ RunTime:0.000000s ]

[ 2017-12-15T23:44:21+08:00 ] 127.0.0.1 /thinkphpwxpay/index.php/Home/Index/SMS?n=14755336339
INFO: [ app_init ] --START--
INFO: [ app_init ] --END-- [ RunTime:0.000000s ]
INFO: [ path_info ] --START--
INFO: [ path_info ] --END-- [ RunTime:0.000000s ]
INFO: [ app_begin ] --START--
INFO: Run Behavior\ReadHtmlCache [ RunTime:0.000000s ]
INFO: [ app_begin ] --END-- [ RunTime:0.000000s ]
NOTIC: [2] session_start(): open(F:\phpstudy\tmp\tmp\sess_ofclgn46865gneccbqjoi2udi4, O_RDWR) failed: No such file or directory (2) F:\phpstudy\WWW\ThinkPHP\Common\functions.php 第 1075 行.
INFO: [ action_begin ] --START--
INFO: [ action_begin ] --END-- [ RunTime:0.000000s ]

[ 2017-12-15T23:44:21+08:00 ] 127.0.0.1 /thinkphpwxpay/index.php/Home/Index/SMS?n=14755336339
INFO: [ app_init ] --START--
INFO: [ app_init ] --END-- [ RunTime:0.000000s ]
INFO: [ path_info ] --START--
INFO: [ path_info ] --END-- [ RunTime:0.000000s ]
INFO: [ app_begin ] --START--
INFO: Run Behavior\ReadHtmlCache [ RunTime:0.000000s ]
INFO: [ app_begin ] --END-- [ RunTime:0.000000s ]
NOTIC: [2] session_start(): open(F:\phpstudy\tmp\tmp\sess_ofclgn46865gneccbqjoi2udi4, O_RDWR) failed: No such file or directory (2) F:\phpstudy\WWW\ThinkPHP\Common\functions.php 第 1075 行.
INFO: [ action_begin ] --START--
INFO: [ action_begin ] --END-- [ RunTime:0.000000s ]

[ 2017-12-15T23:45:06+08:00 ] 127.0.0.1 /thinkphpwxpay/index.php/Home/Index/SMS?n=14755336339
INFO: [ app_init ] --START--
INFO: [ app_init ] --END-- [ RunTime:0.000000s ]
INFO: [ path_info ] --START--
INFO: [ path_info ] --END-- [ RunTime:0.000000s ]
INFO: [ app_begin ] --START--
INFO: Run Behavior\ReadHtmlCache [ RunTime:0.000000s ]
INFO: [ app_begin ] --END-- [ RunTime:0.000000s ]
NOTIC: [2] session_start(): open(F:\phpstudy\tmp\tmp\sess_ofclgn46865gneccbqjoi2udi4, O_RDWR) failed: No such file or directory (2) F:\phpstudy\WWW\ThinkPHP\Common\functions.php 第 1075 行.
INFO: [ action_begin ] --START--
INFO: [ action_begin ] --END-- [ RunTime:0.000000s ]

[ 2017-12-15T23:45:06+08:00 ] 127.0.0.1 /thinkphpwxpay/index.php/Home/Index/SMS?n=14755336339
INFO: [ app_init ] --START--
INFO: [ app_init ] --END-- [ RunTime:0.000000s ]
INFO: [ path_info ] --START--
INFO: [ path_info ] --END-- [ RunTime:0.000000s ]
INFO: [ app_begin ] --START--
INFO: Run Behavior\ReadHtmlCache [ RunTime:0.000000s ]
INFO: [ app_begin ] --END-- [ RunTime:0.000000s ]
NOTIC: [2] session_start(): open(F:\phpstudy\tmp\tmp\sess_ofclgn46865gneccbqjoi2udi4, O_RDWR) failed: No such file or directory (2) F:\phpstudy\WWW\ThinkPHP\Common\functions.php 第 1075 行.
INFO: [ action_begin ] --START--
INFO: [ action_begin ] --END-- [ RunTime:0.000000s ]

[ 2017-12-15T23:45:06+08:00 ] 127.0.0.1 /thinkphpwxpay/index.php/Home/Index/SMS?n=14755336339
INFO: [ app_init ] --START--
INFO: [ app_init ] --END-- [ RunTime:0.000000s ]
INFO: [ path_info ] --START--
INFO: [ path_info ] --END-- [ RunTime:0.000000s ]
INFO: [ app_begin ] --START--
INFO: Run Behavior\ReadHtmlCache [ RunTime:0.000000s ]
INFO: [ app_begin ] --END-- [ RunTime:0.000000s ]
NOTIC: [2] session_start(): open(F:\phpstudy\tmp\tmp\sess_ofclgn46865gneccbqjoi2udi4, O_RDWR) failed: No such file or directory (2) F:\phpstudy\WWW\ThinkPHP\Common\functions.php 第 1075 行.
INFO: [ action_begin ] --START--
INFO: [ action_begin ] --END-- [ RunTime:0.000000s ]

[ 2017-12-15T23:45:07+08:00 ] 127.0.0.1 /thinkphpwxpay/index.php/Home/Index/SMS?n=14755336339
INFO: [ app_init ] --START--
INFO: [ app_init ] --END-- [ RunTime:0.000000s ]
INFO: [ path_info ] --START--
INFO: [ path_info ] --END-- [ RunTime:0.000000s ]
INFO: [ app_begin ] --START--
INFO: Run Behavior\ReadHtmlCache [ RunTime:0.000000s ]
INFO: [ app_begin ] --END-- [ RunTime:0.000000s ]
NOTIC: [2] session_start(): open(F:\phpstudy\tmp\tmp\sess_ofclgn46865gneccbqjoi2udi4, O_RDWR) failed: No such file or directory (2) F:\phpstudy\WWW\ThinkPHP\Common\functions.php 第 1075 行.
INFO: [ action_begin ] --START--
INFO: [ action_begin ] --END-- [ RunTime:0.000000s ]

[ 2017-12-15T23:45:07+08:00 ] 127.0.0.1 /thinkphpwxpay/index.php/Home/Index/SMS?n=14755336339
INFO: [ app_init ] --START--
INFO: [ app_init ] --END-- [ RunTime:0.000000s ]
INFO: [ path_info ] --START--
INFO: [ path_info ] --END-- [ RunTime:0.000000s ]
INFO: [ app_begin ] --START--
INFO: Run Behavior\ReadHtmlCache [ RunTime:0.000000s ]
INFO: [ app_begin ] --END-- [ RunTime:0.000000s ]
NOTIC: [2] session_start(): open(F:\phpstudy\tmp\tmp\sess_ofclgn46865gneccbqjoi2udi4, O_RDWR) failed: No such file or directory (2) F:\phpstudy\WWW\ThinkPHP\Common\functions.php 第 1075 行.
INFO: [ action_begin ] --START--
INFO: [ action_begin ] --END-- [ RunTime:0.000000s ]

[ 2017-12-15T23:45:07+08:00 ] 127.0.0.1 /thinkphpwxpay/index.php/Home/Index/SMS?n=14755336339
INFO: [ app_init ] --START--
INFO: [ app_init ] --END-- [ RunTime:0.000000s ]
INFO: [ path_info ] --START--
INFO: [ path_info ] --END-- [ RunTime:0.000000s ]
INFO: [ app_begin ] --START--
INFO: Run Behavior\ReadHtmlCache [ RunTime:0.000000s ]
INFO: [ app_begin ] --END-- [ RunTime:0.000000s ]
NOTIC: [2] session_start(): open(F:\phpstudy\tmp\tmp\sess_ofclgn46865gneccbqjoi2udi4, O_RDWR) failed: No such file or directory (2) F:\phpstudy\WWW\ThinkPHP\Common\functions.php 第 1075 行.
INFO: [ action_begin ] --START--
INFO: [ action_begin ] --END-- [ RunTime:0.000000s ]

[ 2017-12-15T23:45:07+08:00 ] 127.0.0.1 /thinkphpwxpay/index.php/Home/Index/SMS?n=14755336339
INFO: [ app_init ] --START--
INFO: [ app_init ] --END-- [ RunTime:0.000000s ]
INFO: [ path_info ] --START--
INFO: [ path_info ] --END-- [ RunTime:0.000000s ]
INFO: [ app_begin ] --START--
INFO: Run Behavior\ReadHtmlCache [ RunTime:0.000000s ]
INFO: [ app_begin ] --END-- [ RunTime:0.000000s ]
NOTIC: [2] session_start(): open(F:\phpstudy\tmp\tmp\sess_ofclgn46865gneccbqjoi2udi4, O_RDWR) failed: No such file or directory (2) F:\phpstudy\WWW\ThinkPHP\Common\functions.php 第 1075 行.
INFO: [ action_begin ] --START--
INFO: [ action_begin ] --END-- [ RunTime:0.000000s ]

[ 2017-12-15T23:45:07+08:00 ] 127.0.0.1 /thinkphpwxpay/index.php/Home/Index/SMS?n=14755336339
INFO: [ app_init ] --START--
INFO: [ app_init ] --END-- [ RunTime:0.000000s ]
INFO: [ path_info ] --START--
INFO: [ path_info ] --END-- [ RunTime:0.000000s ]
INFO: [ app_begin ] --START--
INFO: Run Behavior\ReadHtmlCache [ RunTime:0.000000s ]
INFO: [ app_begin ] --END-- [ RunTime:0.000000s ]
NOTIC: [2] session_start(): open(F:\phpstudy\tmp\tmp\sess_ofclgn46865gneccbqjoi2udi4, O_RDWR) failed: No such file or directory (2) F:\phpstudy\WWW\ThinkPHP\Common\functions.php 第 1075 行.
INFO: [ action_begin ] --START--
INFO: [ action_begin ] --END-- [ RunTime:0.000000s ]

[ 2017-12-15T23:45:08+08:00 ] 127.0.0.1 /thinkphpwxpay/index.php/Home/Index/SMS?n=14755336339
INFO: [ app_init ] --START--
INFO: [ app_init ] --END-- [ RunTime:0.000000s ]
INFO: [ path_info ] --START--
INFO: [ path_info ] --END-- [ RunTime:0.000000s ]
INFO: [ app_begin ] --START--
INFO: Run Behavior\ReadHtmlCache [ RunTime:0.000000s ]
INFO: [ app_begin ] --END-- [ RunTime:0.001000s ]
NOTIC: [2] session_start(): open(F:\phpstudy\tmp\tmp\sess_ofclgn46865gneccbqjoi2udi4, O_RDWR) failed: No such file or directory (2) F:\phpstudy\WWW\ThinkPHP\Common\functions.php 第 1075 行.
INFO: [ action_begin ] --START--
INFO: [ action_begin ] --END-- [ RunTime:0.000000s ]

[ 2017-12-15T23:45:43+08:00 ] 127.0.0.1 /thinkphpwxpay/index.php/Home/Index/SMS?n=14755336339
INFO: [ app_init ] --START--
INFO: [ app_init ] --END-- [ RunTime:0.000000s ]
INFO: [ path_info ] --START--
INFO: [ path_info ] --END-- [ RunTime:0.000000s ]
INFO: [ app_begin ] --START--
INFO: Run Behavior\ReadHtmlCache [ RunTime:0.000000s ]
INFO: [ app_begin ] --END-- [ RunTime:0.000000s ]
NOTIC: [2] session_start(): open(F:\phpstudy\tmp\tmp\sess_ofclgn46865gneccbqjoi2udi4, O_RDWR) failed: No such file or directory (2) F:\phpstudy\WWW\ThinkPHP\Common\functions.php 第 1075 行.

[ 2017-12-15T23:45:43+08:00 ] 127.0.0.1 /thinkphpwxpay/index.php/Home/Index/SMS?n=14755336339
INFO: [ app_init ] --START--
INFO: [ app_init ] --END-- [ RunTime:0.000000s ]
INFO: [ path_info ] --START--
INFO: [ path_info ] --END-- [ RunTime:0.000000s ]
INFO: [ app_begin ] --START--
INFO: Run Behavior\ReadHtmlCache [ RunTime:0.000000s ]
INFO: [ app_begin ] --END-- [ RunTime:0.000000s ]
NOTIC: [2] session_start(): open(F:\phpstudy\tmp\tmp\sess_ofclgn46865gneccbqjoi2udi4, O_RDWR) failed: No such file or directory (2) F:\phpstudy\WWW\ThinkPHP\Common\functions.php 第 1075 行.

[ 2017-12-15T23:45:59+08:00 ] 127.0.0.1 /thinkphpwxpay/index.php/Home/Index/SMS?n=14755336339
INFO: [ app_init ] --START--
INFO: [ app_init ] --END-- [ RunTime:0.000000s ]
INFO: [ path_info ] --START--
INFO: [ path_info ] --END-- [ RunTime:0.000000s ]
INFO: [ app_begin ] --START--
INFO: Run Behavior\ReadHtmlCache [ RunTime:0.000000s ]
INFO: [ app_begin ] --END-- [ RunTime:0.000000s ]
NOTIC: [2] session_start(): open(F:\phpstudy\tmp\tmp\sess_ofclgn46865gneccbqjoi2udi4, O_RDWR) failed: No such file or directory (2) F:\phpstudy\WWW\ThinkPHP\Common\functions.php 第 1075 行.
INFO: [ action_begin ] --START--
INFO: [ action_begin ] --END-- [ RunTime:0.000000s ]

[ 2017-12-15T23:46:00+08:00 ] 127.0.0.1 /thinkphpwxpay/index.php/Home/Index/SMS?n=14755336339
INFO: [ app_init ] --START--
INFO: [ app_init ] --END-- [ RunTime:0.000000s ]
INFO: [ path_info ] --START--
INFO: [ path_info ] --END-- [ RunTime:0.000000s ]
INFO: [ app_begin ] --START--
INFO: Run Behavior\ReadHtmlCache [ RunTime:0.000000s ]
INFO: [ app_begin ] --END-- [ RunTime:0.000000s ]
NOTIC: [2] session_start(): open(F:\phpstudy\tmp\tmp\sess_ofclgn46865gneccbqjoi2udi4, O_RDWR) failed: No such file or directory (2) F:\phpstudy\WWW\ThinkPHP\Common\functions.php 第 1075 行.
INFO: [ action_begin ] --START--
INFO: [ action_begin ] --END-- [ RunTime:0.000000s ]

[ 2017-12-15T23:46:07+08:00 ] 127.0.0.1 /thinkphpwxpay/index.php/Home/Index/SMS?n=14755336339
INFO: [ app_init ] --START--
INFO: [ app_init ] --END-- [ RunTime:0.000000s ]
INFO: [ path_info ] --START--
INFO: [ path_info ] --END-- [ RunTime:0.000000s ]
INFO: [ app_begin ] --START--
INFO: Run Behavior\ReadHtmlCache [ RunTime:0.000000s ]
INFO: [ app_begin ] --END-- [ RunTime:0.000000s ]
NOTIC: [2] session_start(): open(F:\phpstudy\tmp\tmp\sess_ofclgn46865gneccbqjoi2udi4, O_RDWR) failed: No such file or directory (2) F:\phpstudy\WWW\ThinkPHP\Common\functions.php 第 1075 行.
INFO: [ action_begin ] --START--
INFO: [ action_begin ] --END-- [ RunTime:0.000000s ]

[ 2017-12-15T23:46:07+08:00 ] 127.0.0.1 /thinkphpwxpay/index.php/Home/Index/SMS?n=14755336339
INFO: [ app_init ] --START--
INFO: [ app_init ] --END-- [ RunTime:0.000000s ]
INFO: [ path_info ] --START--
INFO: [ path_info ] --END-- [ RunTime:0.000000s ]
INFO: [ app_begin ] --START--
INFO: Run Behavior\ReadHtmlCache [ RunTime:0.000000s ]
INFO: [ app_begin ] --END-- [ RunTime:0.000000s ]
NOTIC: [2] session_start(): open(F:\phpstudy\tmp\tmp\sess_ofclgn46865gneccbqjoi2udi4, O_RDWR) failed: No such file or directory (2) F:\phpstudy\WWW\ThinkPHP\Common\functions.php 第 1075 行.
INFO: [ action_begin ] --START--
INFO: [ action_begin ] --END-- [ RunTime:0.000000s ]

[ 2017-12-15T23:46:08+08:00 ] 127.0.0.1 /thinkphpwxpay/index.php/Home/Index/SMS?n=14755336339
INFO: [ app_init ] --START--
INFO: [ app_init ] --END-- [ RunTime:0.000000s ]
INFO: [ path_info ] --START--
INFO: [ path_info ] --END-- [ RunTime:0.000000s ]
INFO: [ app_begin ] --START--
INFO: Run Behavior\ReadHtmlCache [ RunTime:0.000000s ]
INFO: [ app_begin ] --END-- [ RunTime:0.000000s ]
NOTIC: [2] session_start(): open(F:\phpstudy\tmp\tmp\sess_ofclgn46865gneccbqjoi2udi4, O_RDWR) failed: No such file or directory (2) F:\phpstudy\WWW\ThinkPHP\Common\functions.php 第 1075 行.
INFO: [ action_begin ] --START--
INFO: [ action_begin ] --END-- [ RunTime:0.000000s ]

[ 2017-12-15T23:46:08+08:00 ] 127.0.0.1 /thinkphpwxpay/index.php/Home/Index/SMS?n=14755336339
INFO: [ app_init ] --START--
INFO: [ app_init ] --END-- [ RunTime:0.000000s ]
INFO: [ path_info ] --START--
INFO: [ path_info ] --END-- [ RunTime:0.000000s ]
INFO: [ app_begin ] --START--
INFO: Run Behavior\ReadHtmlCache [ RunTime:0.000000s ]
INFO: [ app_begin ] --END-- [ RunTime:0.000000s ]
NOTIC: [2] session_start(): open(F:\phpstudy\tmp\tmp\sess_ofclgn46865gneccbqjoi2udi4, O_RDWR) failed: No such file or directory (2) F:\phpstudy\WWW\ThinkPHP\Common\functions.php 第 1075 行.
INFO: [ action_begin ] --START--
INFO: [ action_begin ] --END-- [ RunTime:0.000000s ]

[ 2017-12-15T23:46:08+08:00 ] 127.0.0.1 /thinkphpwxpay/index.php/Home/Index/SMS?n=14755336339
INFO: [ app_init ] --START--
INFO: [ app_init ] --END-- [ RunTime:0.000000s ]
INFO: [ path_info ] --START--
INFO: [ path_info ] --END-- [ RunTime:0.000000s ]
INFO: [ app_begin ] --START--
INFO: Run Behavior\ReadHtmlCache [ RunTime:0.000000s ]
INFO: [ app_begin ] --END-- [ RunTime:0.000000s ]
NOTIC: [2] session_start(): open(F:\phpstudy\tmp\tmp\sess_ofclgn46865gneccbqjoi2udi4, O_RDWR) failed: No such file or directory (2) F:\phpstudy\WWW\ThinkPHP\Common\functions.php 第 1075 行.
INFO: [ action_begin ] --START--
INFO: [ action_begin ] --END-- [ RunTime:0.000000s ]

[ 2017-12-15T23:46:08+08:00 ] 127.0.0.1 /thinkphpwxpay/index.php/Home/Index/SMS?n=14755336339
INFO: [ app_init ] --START--
INFO: [ app_init ] --END-- [ RunTime:0.000000s ]
INFO: [ path_info ] --START--
INFO: [ path_info ] --END-- [ RunTime:0.000000s ]
INFO: [ app_begin ] --START--
INFO: Run Behavior\ReadHtmlCache [ RunTime:0.000000s ]
INFO: [ app_begin ] --END-- [ RunTime:0.000000s ]
NOTIC: [2] session_start(): open(F:\phpstudy\tmp\tmp\sess_ofclgn46865gneccbqjoi2udi4, O_RDWR) failed: No such file or directory (2) F:\phpstudy\WWW\ThinkPHP\Common\functions.php 第 1075 行.
INFO: [ action_begin ] --START--
INFO: [ action_begin ] --END-- [ RunTime:0.000000s ]

[ 2017-12-15T23:46:08+08:00 ] 127.0.0.1 /thinkphpwxpay/index.php/Home/Index/SMS?n=14755336339
INFO: [ app_init ] --START--
INFO: [ app_init ] --END-- [ RunTime:0.000000s ]
INFO: [ path_info ] --START--
INFO: [ path_info ] --END-- [ RunTime:0.000000s ]
INFO: [ app_begin ] --START--
INFO: Run Behavior\ReadHtmlCache [ RunTime:0.000000s ]
INFO: [ app_begin ] --END-- [ RunTime:0.000000s ]
NOTIC: [2] session_start(): open(F:\phpstudy\tmp\tmp\sess_ofclgn46865gneccbqjoi2udi4, O_RDWR) failed: No such file or directory (2) F:\phpstudy\WWW\ThinkPHP\Common\functions.php 第 1075 行.
INFO: [ action_begin ] --START--
INFO: [ action_begin ] --END-- [ RunTime:0.000000s ]

[ 2017-12-15T23:46:08+08:00 ] 127.0.0.1 /thinkphpwxpay/index.php/Home/Index/SMS?n=14755336339
INFO: [ app_init ] --START--
INFO: [ app_init ] --END-- [ RunTime:0.000000s ]
INFO: [ path_info ] --START--
INFO: [ path_info ] --END-- [ RunTime:0.000000s ]
INFO: [ app_begin ] --START--
INFO: Run Behavior\ReadHtmlCache [ RunTime:0.000000s ]
INFO: [ app_begin ] --END-- [ RunTime:0.000000s ]
NOTIC: [2] session_start(): open(F:\phpstudy\tmp\tmp\sess_ofclgn46865gneccbqjoi2udi4, O_RDWR) failed: No such file or directory (2) F:\phpstudy\WWW\ThinkPHP\Common\functions.php 第 1075 行.
INFO: [ action_begin ] --START--
INFO: [ action_begin ] --END-- [ RunTime:0.000000s ]

[ 2017-12-15T23:46:18+08:00 ] 127.0.0.1 /thinkphpwxpay/index.php/Home/Index/SMS?n=14755336339
INFO: [ app_init ] --START--
INFO: [ app_init ] --END-- [ RunTime:0.000000s ]
INFO: [ path_info ] --START--
INFO: [ path_info ] --END-- [ RunTime:0.000000s ]
INFO: [ app_begin ] --START--
INFO: Run Behavior\ReadHtmlCache [ RunTime:0.000000s ]
INFO: [ app_begin ] --END-- [ RunTime:0.001000s ]
NOTIC: [2] session_start(): open(F:\phpstudy\tmp\tmp\sess_ofclgn46865gneccbqjoi2udi4, O_RDWR) failed: No such file or directory (2) F:\phpstudy\WWW\ThinkPHP\Common\functions.php 第 1075 行.
INFO: [ action_begin ] --START--
INFO: [ action_begin ] --END-- [ RunTime:0.000000s ]

[ 2017-12-15T23:46:51+08:00 ] 127.0.0.1 /thinkphpwxpay/index.php/Home/Index/SMS?n=14755336339
INFO: [ app_init ] --START--
INFO: [ app_init ] --END-- [ RunTime:0.000000s ]
INFO: [ path_info ] --START--
INFO: [ path_info ] --END-- [ RunTime:0.000000s ]
INFO: [ app_begin ] --START--
INFO: Run Behavior\ReadHtmlCache [ RunTime:0.000000s ]
INFO: [ app_begin ] --END-- [ RunTime:0.000000s ]
NOTIC: [2] session_start(): open(F:\phpstudy\tmp\tmp\sess_ofclgn46865gneccbqjoi2udi4, O_RDWR) failed: No such file or directory (2) F:\phpstudy\WWW\ThinkPHP\Common\functions.php 第 1075 行.
INFO: [ action_begin ] --START--
INFO: [ action_begin ] --END-- [ RunTime:0.000000s ]

[ 2017-12-15T23:46:56+08:00 ] 127.0.0.1 /thinkphpwxpay/index.php/Home/Index/SMS?n=14755336339
INFO: [ app_init ] --START--
INFO: [ app_init ] --END-- [ RunTime:0.000000s ]
INFO: [ path_info ] --START--
INFO: [ path_info ] --END-- [ RunTime:0.001000s ]
INFO: [ app_begin ] --START--
INFO: Run Behavior\ReadHtmlCache [ RunTime:0.000000s ]
INFO: [ app_begin ] --END-- [ RunTime:0.000000s ]
NOTIC: [2] session_start(): open(F:\phpstudy\tmp\tmp\sess_ofclgn46865gneccbqjoi2udi4, O_RDWR) failed: No such file or directory (2) F:\phpstudy\WWW\ThinkPHP\Common\functions.php 第 1075 行.
INFO: [ action_begin ] --START--
INFO: [ action_begin ] --END-- [ RunTime:0.000000s ]

[ 2017-12-15T23:46:56+08:00 ] 127.0.0.1 /thinkphpwxpay/index.php/Home/Index/SMS?n=14755336339
INFO: [ app_init ] --START--
INFO: [ app_init ] --END-- [ RunTime:0.000000s ]
INFO: [ path_info ] --START--
INFO: [ path_info ] --END-- [ RunTime:0.000000s ]
INFO: [ app_begin ] --START--
INFO: Run Behavior\ReadHtmlCache [ RunTime:0.000000s ]
INFO: [ app_begin ] --END-- [ RunTime:0.000000s ]
NOTIC: [2] session_start(): open(F:\phpstudy\tmp\tmp\sess_ofclgn46865gneccbqjoi2udi4, O_RDWR) failed: No such file or directory (2) F:\phpstudy\WWW\ThinkPHP\Common\functions.php 第 1075 行.
INFO: [ action_begin ] --START--
INFO: [ action_begin ] --END-- [ RunTime:0.000000s ]

[ 2017-12-15T23:46:57+08:00 ] 127.0.0.1 /thinkphpwxpay/index.php/Home/Index/SMS?n=14755336339
INFO: [ app_init ] --START--
INFO: [ app_init ] --END-- [ RunTime:0.000000s ]
INFO: [ path_info ] --START--
INFO: [ path_info ] --END-- [ RunTime:0.000000s ]
INFO: [ app_begin ] --START--
INFO: Run Behavior\ReadHtmlCache [ RunTime:0.000000s ]
INFO: [ app_begin ] --END-- [ RunTime:0.000000s ]
NOTIC: [2] session_start(): open(F:\phpstudy\tmp\tmp\sess_ofclgn46865gneccbqjoi2udi4, O_RDWR) failed: No such file or directory (2) F:\phpstudy\WWW\ThinkPHP\Common\functions.php 第 1075 行.
INFO: [ action_begin ] --START--
INFO: [ action_begin ] --END-- [ RunTime:0.001000s ]

[ 2017-12-15T23:46:57+08:00 ] 127.0.0.1 /thinkphpwxpay/index.php/Home/Index/SMS?n=14755336339
INFO: [ app_init ] --START--
INFO: [ app_init ] --END-- [ RunTime:0.000000s ]
INFO: [ path_info ] --START--
INFO: [ path_info ] --END-- [ RunTime:0.000000s ]
INFO: [ app_begin ] --START--
INFO: Run Behavior\ReadHtmlCache [ RunTime:0.000000s ]
INFO: [ app_begin ] --END-- [ RunTime:0.000000s ]
NOTIC: [2] session_start(): open(F:\phpstudy\tmp\tmp\sess_ofclgn46865gneccbqjoi2udi4, O_RDWR) failed: No such file or directory (2) F:\phpstudy\WWW\ThinkPHP\Common\functions.php 第 1075 行.
INFO: [ action_begin ] --START--
INFO: [ action_begin ] --END-- [ RunTime:0.000000s ]

[ 2017-12-15T23:47:36+08:00 ] 127.0.0.1 /thinkphpwxpay/index.php/Home/Index/SMS?n=14755336339
INFO: [ app_init ] --START--
INFO: [ app_init ] --END-- [ RunTime:0.000000s ]
INFO: [ path_info ] --START--
INFO: [ path_info ] --END-- [ RunTime:0.000000s ]
INFO: [ app_begin ] --START--
INFO: Run Behavior\ReadHtmlCache [ RunTime:0.000000s ]
INFO: [ app_begin ] --END-- [ RunTime:0.001000s ]
NOTIC: [2] session_start(): open(F:\phpstudy\tmp\tmp\sess_ofclgn46865gneccbqjoi2udi4, O_RDWR) failed: No such file or directory (2) F:\phpstudy\WWW\ThinkPHP\Common\functions.php 第 1075 行.
INFO: [ action_begin ] --START--
INFO: [ action_begin ] --END-- [ RunTime:0.000000s ]

[ 2017-12-15T23:50:41+08:00 ] 127.0.0.1 /thinkphpwxpay/index.php/Home/Index/SMS?n=14755336339
INFO: [ app_init ] --START--
INFO: [ app_init ] --END-- [ RunTime:0.000000s ]
INFO: [ path_info ] --START--
INFO: [ path_info ] --END-- [ RunTime:0.000000s ]
INFO: [ app_begin ] --START--
INFO: Run Behavior\ReadHtmlCache [ RunTime:0.000000s ]
INFO: [ app_begin ] --END-- [ RunTime:0.000000s ]
NOTIC: [2] session_start(): open(F:\phpstudy\tmp\tmp\sess_ofclgn46865gneccbqjoi2udi4, O_RDWR) failed: No such file or directory (2) F:\phpstudy\WWW\ThinkPHP\Common\functions.php 第 1075 行.
INFO: [ action_begin ] --START--
INFO: [ action_begin ] --END-- [ RunTime:0.000000s ]

[ 2017-12-15T23:50:49+08:00 ] 127.0.0.1 /thinkphpwxpay/index.php/Home/Index/SMS?n=14755336339
INFO: [ app_init ] --START--
INFO: [ app_init ] --END-- [ RunTime:0.000000s ]
INFO: [ path_info ] --START--
INFO: [ path_info ] --END-- [ RunTime:0.000000s ]
INFO: [ app_begin ] --START--
INFO: Run Behavior\ReadHtmlCache [ RunTime:0.000000s ]
INFO: [ app_begin ] --END-- [ RunTime:0.000000s ]
NOTIC: [2] session_start(): open(F:\phpstudy\tmp\tmp\sess_ofclgn46865gneccbqjoi2udi4, O_RDWR) failed: No such file or directory (2) F:\phpstudy\WWW\ThinkPHP\Common\functions.php 第 1075 行.
INFO: [ action_begin ] --START--
INFO: [ action_begin ] --END-- [ RunTime:0.000000s ]

[ 2017-12-15T23:50:49+08:00 ] 127.0.0.1 /thinkphpwxpay/index.php/Home/Index/SMS?n=14755336339
INFO: [ app_init ] --START--
INFO: [ app_init ] --END-- [ RunTime:0.000000s ]
INFO: [ path_info ] --START--
INFO: [ path_info ] --END-- [ RunTime:0.000000s ]
INFO: [ app_begin ] --START--
INFO: Run Behavior\ReadHtmlCache [ RunTime:0.001000s ]
INFO: [ app_begin ] --END-- [ RunTime:0.001000s ]
NOTIC: [2] session_start(): open(F:\phpstudy\tmp\tmp\sess_ofclgn46865gneccbqjoi2udi4, O_RDWR) failed: No such file or directory (2) F:\phpstudy\WWW\ThinkPHP\Common\functions.php 第 1075 行.
INFO: [ action_begin ] --START--
INFO: [ action_begin ] --END-- [ RunTime:0.000000s ]

[ 2017-12-15T23:51:15+08:00 ] 127.0.0.1 /thinkphpwxpay/index.php/Home/Index/SMS?n=14755336339
INFO: [ app_init ] --START--
INFO: [ app_init ] --END-- [ RunTime:0.000000s ]
INFO: [ path_info ] --START--
INFO: [ path_info ] --END-- [ RunTime:0.000000s ]
INFO: [ app_begin ] --START--
INFO: Run Behavior\ReadHtmlCache [ RunTime:0.000000s ]
INFO: [ app_begin ] --END-- [ RunTime:0.000000s ]
NOTIC: [2] session_start(): open(F:\phpstudy\tmp\tmp\sess_ofclgn46865gneccbqjoi2udi4, O_RDWR) failed: No such file or directory (2) F:\phpstudy\WWW\ThinkPHP\Common\functions.php 第 1075 行.
INFO: [ action_begin ] --START--
INFO: [ action_begin ] --END-- [ RunTime:0.000000s ]

[ 2017-12-15T23:51:15+08:00 ] 127.0.0.1 /thinkphpwxpay/index.php/Home/Index/SMS?n=14755336339
INFO: [ app_init ] --START--
INFO: [ app_init ] --END-- [ RunTime:0.000000s ]
INFO: [ path_info ] --START--
INFO: [ path_info ] --END-- [ RunTime:0.000000s ]
INFO: [ app_begin ] --START--
INFO: Run Behavior\ReadHtmlCache [ RunTime:0.000000s ]
INFO: [ app_begin ] --END-- [ RunTime:0.000000s ]
NOTIC: [2] session_start(): open(F:\phpstudy\tmp\tmp\sess_ofclgn46865gneccbqjoi2udi4, O_RDWR) failed: No such file or directory (2) F:\phpstudy\WWW\ThinkPHP\Common\functions.php 第 1075 行.
INFO: [ action_begin ] --START--
INFO: [ action_begin ] --END-- [ RunTime:0.000000s ]

[ 2017-12-15T23:51:15+08:00 ] 127.0.0.1 /thinkphpwxpay/index.php/Home/Index/SMS?n=14755336339
INFO: [ app_init ] --START--
INFO: [ app_init ] --END-- [ RunTime:0.000000s ]
INFO: [ path_info ] --START--
INFO: [ path_info ] --END-- [ RunTime:0.000000s ]
INFO: [ app_begin ] --START--
INFO: Run Behavior\ReadHtmlCache [ RunTime:0.000000s ]
INFO: [ app_begin ] --END-- [ RunTime:0.000000s ]
NOTIC: [2] session_start(): open(F:\phpstudy\tmp\tmp\sess_ofclgn46865gneccbqjoi2udi4, O_RDWR) failed: No such file or directory (2) F:\phpstudy\WWW\ThinkPHP\Common\functions.php 第 1075 行.
INFO: [ action_begin ] --START--
INFO: [ action_begin ] --END-- [ RunTime:0.000000s ]

[ 2017-12-15T23:51:16+08:00 ] 127.0.0.1 /thinkphpwxpay/index.php/Home/Index/SMS?n=14755336339
INFO: [ app_init ] --START--
INFO: [ app_init ] --END-- [ RunTime:0.000000s ]
INFO: [ path_info ] --START--
INFO: [ path_info ] --END-- [ RunTime:0.000000s ]
INFO: [ app_begin ] --START--
INFO: Run Behavior\ReadHtmlCache [ RunTime:0.000000s ]
INFO: [ app_begin ] --END-- [ RunTime:0.000000s ]
NOTIC: [2] session_start(): open(F:\phpstudy\tmp\tmp\sess_ofclgn46865gneccbqjoi2udi4, O_RDWR) failed: No such file or directory (2) F:\phpstudy\WWW\ThinkPHP\Common\functions.php 第 1075 行.
INFO: [ action_begin ] --START--
INFO: [ action_begin ] --END-- [ RunTime:0.000000s ]

[ 2017-12-15T23:51:16+08:00 ] 127.0.0.1 /thinkphpwxpay/index.php/Home/Index/SMS?n=14755336339
INFO: [ app_init ] --START--
INFO: [ app_init ] --END-- [ RunTime:0.000000s ]
INFO: [ path_info ] --START--
INFO: [ path_info ] --END-- [ RunTime:0.000000s ]
INFO: [ app_begin ] --START--
INFO: Run Behavior\ReadHtmlCache [ RunTime:0.000000s ]
INFO: [ app_begin ] --END-- [ RunTime:0.000000s ]
NOTIC: [2] session_start(): open(F:\phpstudy\tmp\tmp\sess_ofclgn46865gneccbqjoi2udi4, O_RDWR) failed: No such file or directory (2) F:\phpstudy\WWW\ThinkPHP\Common\functions.php 第 1075 行.
INFO: [ action_begin ] --START--
INFO: [ action_begin ] --END-- [ RunTime:0.000000s ]

[ 2017-12-15T23:51:16+08:00 ] 127.0.0.1 /thinkphpwxpay/index.php/Home/Index/SMS?n=14755336339
INFO: [ app_init ] --START--
INFO: [ app_init ] --END-- [ RunTime:0.000000s ]
INFO: [ path_info ] --START--
INFO: [ path_info ] --END-- [ RunTime:0.000000s ]
INFO: [ app_begin ] --START--
INFO: Run Behavior\ReadHtmlCache [ RunTime:0.000000s ]
INFO: [ app_begin ] --END-- [ RunTime:0.000000s ]
NOTIC: [2] session_start(): open(F:\phpstudy\tmp\tmp\sess_ofclgn46865gneccbqjoi2udi4, O_RDWR) failed: No such file or directory (2) F:\phpstudy\WWW\ThinkPHP\Common\functions.php 第 1075 行.
INFO: [ action_begin ] --START--
INFO: [ action_begin ] --END-- [ RunTime:0.000000s ]

[ 2017-12-15T23:52:03+08:00 ] 127.0.0.1 /thinkphpwxpay/index.php/Home/Index/SMS?n=14755336339
INFO: [ app_init ] --START--
INFO: [ app_init ] --END-- [ RunTime:0.000000s ]
INFO: [ path_info ] --START--
INFO: [ path_info ] --END-- [ RunTime:0.000000s ]
INFO: [ app_begin ] --START--
INFO: Run Behavior\ReadHtmlCache [ RunTime:0.000000s ]
INFO: [ app_begin ] --END-- [ RunTime:0.000000s ]
NOTIC: [2] session_start(): open(F:\phpstudy\tmp\tmp\sess_ofclgn46865gneccbqjoi2udi4, O_RDWR) failed: No such file or directory (2) F:\phpstudy\WWW\ThinkPHP\Common\functions.php 第 1075 行.
INFO: [ action_begin ] --START--
INFO: [ action_begin ] --END-- [ RunTime:0.000000s ]

[ 2017-12-15T23:52:04+08:00 ] 127.0.0.1 /thinkphpwxpay/index.php/Home/Index/SMS?n=14755336339
INFO: [ app_init ] --START--
INFO: [ app_init ] --END-- [ RunTime:0.000000s ]
INFO: [ path_info ] --START--
INFO: [ path_info ] --END-- [ RunTime:0.000000s ]
INFO: [ app_begin ] --START--
INFO: Run Behavior\ReadHtmlCache [ RunTime:0.000000s ]
INFO: [ app_begin ] --END-- [ RunTime:0.001000s ]
NOTIC: [2] session_start(): open(F:\phpstudy\tmp\tmp\sess_ofclgn46865gneccbqjoi2udi4, O_RDWR) failed: No such file or directory (2) F:\phpstudy\WWW\ThinkPHP\Common\functions.php 第 1075 行.
INFO: [ action_begin ] --START--
INFO: [ action_begin ] --END-- [ RunTime:0.000000s ]

[ 2017-12-15T23:52:04+08:00 ] 127.0.0.1 /thinkphpwxpay/index.php/Home/Index/SMS?n=14755336339
INFO: [ app_init ] --START--
INFO: [ app_init ] --END-- [ RunTime:0.000000s ]
INFO: [ path_info ] --START--
INFO: [ path_info ] --END-- [ RunTime:0.000000s ]
INFO: [ app_begin ] --START--
INFO: Run Behavior\ReadHtmlCache [ RunTime:0.000000s ]
INFO: [ app_begin ] --END-- [ RunTime:0.000000s ]
NOTIC: [2] session_start(): open(F:\phpstudy\tmp\tmp\sess_ofclgn46865gneccbqjoi2udi4, O_RDWR) failed: No such file or directory (2) F:\phpstudy\WWW\ThinkPHP\Common\functions.php 第 1075 行.
INFO: [ action_begin ] --START--
INFO: [ action_begin ] --END-- [ RunTime:0.000000s ]

[ 2017-12-15T23:52:22+08:00 ] 127.0.0.1 /thinkphpwxpay/index.php/Home/Index/SMS?n=14755336339
INFO: [ app_init ] --START--
INFO: [ app_init ] --END-- [ RunTime:0.000000s ]
INFO: [ path_info ] --START--
INFO: [ path_info ] --END-- [ RunTime:0.001000s ]
INFO: [ app_begin ] --START--
INFO: Run Behavior\ReadHtmlCache [ RunTime:0.000000s ]
INFO: [ app_begin ] --END-- [ RunTime:0.000000s ]
NOTIC: [2] session_start(): open(F:\phpstudy\tmp\tmp\sess_ofclgn46865gneccbqjoi2udi4, O_RDWR) failed: No such file or directory (2) F:\phpstudy\WWW\ThinkPHP\Common\functions.php 第 1075 行.
INFO: [ action_begin ] --START--
INFO: [ action_begin ] --END-- [ RunTime:0.000000s ]

[ 2017-12-15T23:52:22+08:00 ] 127.0.0.1 /thinkphpwxpay/index.php/Home/Index/SMS?n=14755336339
INFO: [ app_init ] --START--
INFO: [ app_init ] --END-- [ RunTime:0.000000s ]
INFO: [ path_info ] --START--
INFO: [ path_info ] --END-- [ RunTime:0.000000s ]
INFO: [ app_begin ] --START--
INFO: Run Behavior\ReadHtmlCache [ RunTime:0.000000s ]
INFO: [ app_begin ] --END-- [ RunTime:0.000000s ]
NOTIC: [2] session_start(): open(F:\phpstudy\tmp\tmp\sess_ofclgn46865gneccbqjoi2udi4, O_RDWR) failed: No such file or directory (2) F:\phpstudy\WWW\ThinkPHP\Common\functions.php 第 1075 行.
INFO: [ action_begin ] --START--
INFO: [ action_begin ] --END-- [ RunTime:0.000000s ]

[ 2017-12-15T23:52:22+08:00 ] 127.0.0.1 /thinkphpwxpay/index.php/Home/Index/SMS?n=14755336339
INFO: [ app_init ] --START--
INFO: [ app_init ] --END-- [ RunTime:0.000000s ]
INFO: [ path_info ] --START--
INFO: [ path_info ] --END-- [ RunTime:0.000000s ]
INFO: [ app_begin ] --START--
INFO: Run Behavior\ReadHtmlCache [ RunTime:0.000000s ]
INFO: [ app_begin ] --END-- [ RunTime:0.000000s ]
NOTIC: [2] session_start(): open(F:\phpstudy\tmp\tmp\sess_ofclgn46865gneccbqjoi2udi4, O_RDWR) failed: No such file or directory (2) F:\phpstudy\WWW\ThinkPHP\Common\functions.php 第 1075 行.
INFO: [ action_begin ] --START--
INFO: [ action_begin ] --END-- [ RunTime:0.000000s ]

[ 2017-12-15T23:52:22+08:00 ] 127.0.0.1 /thinkphpwxpay/index.php/Home/Index/SMS?n=14755336339
INFO: [ app_init ] --START--
INFO: [ app_init ] --END-- [ RunTime:0.000000s ]
INFO: [ path_info ] --START--
INFO: [ path_info ] --END-- [ RunTime:0.000000s ]
INFO: [ app_begin ] --START--
INFO: Run Behavior\ReadHtmlCache [ RunTime:0.000000s ]
INFO: [ app_begin ] --END-- [ RunTime:0.000000s ]
NOTIC: [2] session_start(): open(F:\phpstudy\tmp\tmp\sess_ofclgn46865gneccbqjoi2udi4, O_RDWR) failed: No such file or directory (2) F:\phpstudy\WWW\ThinkPHP\Common\functions.php 第 1075 行.
INFO: [ action_begin ] --START--
INFO: [ action_begin ] --END-- [ RunTime:0.000000s ]

[ 2017-12-15T23:52:23+08:00 ] 127.0.0.1 /thinkphpwxpay/index.php/Home/Index/SMS?n=14755336339
INFO: [ app_init ] --START--
INFO: [ app_init ] --END-- [ RunTime:0.000000s ]
INFO: [ path_info ] --START--
INFO: [ path_info ] --END-- [ RunTime:0.000000s ]
INFO: [ app_begin ] --START--
INFO: Run Behavior\ReadHtmlCache [ RunTime:0.000000s ]
INFO: [ app_begin ] --END-- [ RunTime:0.000000s ]
NOTIC: [2] session_start(): open(F:\phpstudy\tmp\tmp\sess_ofclgn46865gneccbqjoi2udi4, O_RDWR) failed: No such file or directory (2) F:\phpstudy\WWW\ThinkPHP\Common\functions.php 第 1075 行.
INFO: [ action_begin ] --START--
INFO: [ action_begin ] --END-- [ RunTime:0.000000s ]

[ 2017-12-15T23:52:37+08:00 ] 127.0.0.1 /thinkphpwxpay/index.php/Home/Index/SMS?n=14755336339
INFO: [ app_init ] --START--
INFO: [ app_init ] --END-- [ RunTime:0.000000s ]
INFO: [ path_info ] --START--
INFO: [ path_info ] --END-- [ RunTime:0.000000s ]
INFO: [ app_begin ] --START--
INFO: Run Behavior\ReadHtmlCache [ RunTime:0.000000s ]
INFO: [ app_begin ] --END-- [ RunTime:0.000000s ]
NOTIC: [2] session_start(): open(F:\phpstudy\tmp\tmp\sess_ofclgn46865gneccbqjoi2udi4, O_RDWR) failed: No such file or directory (2) F:\phpstudy\WWW\ThinkPHP\Common\functions.php 第 1075 行.
INFO: [ action_begin ] --START--
INFO: [ action_begin ] --END-- [ RunTime:0.000000s ]

[ 2017-12-15T23:52:44+08:00 ] 127.0.0.1 /thinkphpwxpay/index.php/Home/Index/SMS?n=14755336339
INFO: [ app_init ] --START--
INFO: [ app_init ] --END-- [ RunTime:0.000000s ]
INFO: [ path_info ] --START--
INFO: [ path_info ] --END-- [ RunTime:0.000000s ]
INFO: [ app_begin ] --START--
INFO: Run Behavior\ReadHtmlCache [ RunTime:0.000000s ]
INFO: [ app_begin ] --END-- [ RunTime:0.000000s ]
NOTIC: [2] session_start(): open(F:\phpstudy\tmp\tmp\sess_ofclgn46865gneccbqjoi2udi4, O_RDWR) failed: No such file or directory (2) F:\phpstudy\WWW\ThinkPHP\Common\functions.php 第 1075 行.
INFO: [ action_begin ] --START--
INFO: [ action_begin ] --END-- [ RunTime:0.000000s ]

[ 2017-12-15T23:52:44+08:00 ] 127.0.0.1 /thinkphpwxpay/index.php/Home/Index/SMS?n=14755336339
INFO: [ app_init ] --START--
INFO: [ app_init ] --END-- [ RunTime:0.000000s ]
INFO: [ path_info ] --START--
INFO: [ path_info ] --END-- [ RunTime:0.000000s ]
INFO: [ app_begin ] --START--
INFO: Run Behavior\ReadHtmlCache [ RunTime:0.000000s ]
INFO: [ app_begin ] --END-- [ RunTime:0.000000s ]
NOTIC: [2] session_start(): open(F:\phpstudy\tmp\tmp\sess_ofclgn46865gneccbqjoi2udi4, O_RDWR) failed: No such file or directory (2) F:\phpstudy\WWW\ThinkPHP\Common\functions.php 第 1075 行.
INFO: [ action_begin ] --START--
INFO: [ action_begin ] --END-- [ RunTime:0.000000s ]

[ 2017-12-15T23:52:44+08:00 ] 127.0.0.1 /thinkphpwxpay/index.php/Home/Index/SMS?n=14755336339
INFO: [ app_init ] --START--
INFO: [ app_init ] --END-- [ RunTime:0.000000s ]
INFO: [ path_info ] --START--
INFO: [ path_info ] --END-- [ RunTime:0.000000s ]
INFO: [ app_begin ] --START--
INFO: Run Behavior\ReadHtmlCache [ RunTime:0.000000s ]
INFO: [ app_begin ] --END-- [ RunTime:0.000000s ]
NOTIC: [2] session_start(): open(F:\phpstudy\tmp\tmp\sess_ofclgn46865gneccbqjoi2udi4, O_RDWR) failed: No such file or directory (2) F:\phpstudy\WWW\ThinkPHP\Common\functions.php 第 1075 行.
INFO: [ action_begin ] --START--
INFO: [ action_begin ] --END-- [ RunTime:0.000000s ]

[ 2017-12-15T23:52:44+08:00 ] 127.0.0.1 /thinkphpwxpay/index.php/Home/Index/SMS?n=14755336339
INFO: [ app_init ] --START--
INFO: [ app_init ] --END-- [ RunTime:0.001000s ]
INFO: [ path_info ] --START--
INFO: [ path_info ] --END-- [ RunTime:0.000000s ]
INFO: [ app_begin ] --START--
INFO: Run Behavior\ReadHtmlCache [ RunTime:0.000000s ]
INFO: [ app_begin ] --END-- [ RunTime:0.000000s ]
NOTIC: [2] session_start(): open(F:\phpstudy\tmp\tmp\sess_ofclgn46865gneccbqjoi2udi4, O_RDWR) failed: No such file or directory (2) F:\phpstudy\WWW\ThinkPHP\Common\functions.php 第 1075 行.
INFO: [ action_begin ] --START--
INFO: [ action_begin ] --END-- [ RunTime:0.000000s ]

[ 2017-12-15T23:52:45+08:00 ] 127.0.0.1 /thinkphpwxpay/index.php/Home/Index/SMS?n=14755336339
INFO: [ app_init ] --START--
INFO: [ app_init ] --END-- [ RunTime:0.000000s ]
INFO: [ path_info ] --START--
INFO: [ path_info ] --END-- [ RunTime:0.000000s ]
INFO: [ app_begin ] --START--
INFO: Run Behavior\ReadHtmlCache [ RunTime:0.000000s ]
INFO: [ app_begin ] --END-- [ RunTime:0.000000s ]
NOTIC: [2] session_start(): open(F:\phpstudy\tmp\tmp\sess_ofclgn46865gneccbqjoi2udi4, O_RDWR) failed: No such file or directory (2) F:\phpstudy\WWW\ThinkPHP\Common\functions.php 第 1075 行.
INFO: [ action_begin ] --START--
INFO: [ action_begin ] --END-- [ RunTime:0.000000s ]

[ 2017-12-15T23:53:24+08:00 ] 127.0.0.1 /thinkphpwxpay/index.php/Home/Index/SMS?n=14755336339
INFO: [ app_init ] --START--
INFO: [ app_init ] --END-- [ RunTime:0.000000s ]
INFO: [ path_info ] --START--
INFO: [ path_info ] --END-- [ RunTime:0.000000s ]
INFO: [ app_begin ] --START--
INFO: Run Behavior\ReadHtmlCache [ RunTime:0.001000s ]
INFO: [ app_begin ] --END-- [ RunTime:0.001000s ]
NOTIC: [2] session_start(): open(F:\phpstudy\tmp\tmp\sess_ofclgn46865gneccbqjoi2udi4, O_RDWR) failed: No such file or directory (2) F:\phpstudy\WWW\ThinkPHP\Common\functions.php 第 1075 行.
INFO: [ action_begin ] --START--
INFO: [ action_begin ] --END-- [ RunTime:0.000000s ]

[ 2017-12-15T23:53:24+08:00 ] 127.0.0.1 /thinkphpwxpay/index.php/Home/Index/SMS?n=14755336339
INFO: [ app_init ] --START--
INFO: [ app_init ] --END-- [ RunTime:0.000000s ]
INFO: [ path_info ] --START--
INFO: [ path_info ] --END-- [ RunTime:0.000000s ]
INFO: [ app_begin ] --START--
INFO: Run Behavior\ReadHtmlCache [ RunTime:0.000000s ]
INFO: [ app_begin ] --END-- [ RunTime:0.000000s ]
NOTIC: [2] session_start(): open(F:\phpstudy\tmp\tmp\sess_ofclgn46865gneccbqjoi2udi4, O_RDWR) failed: No such file or directory (2) F:\phpstudy\WWW\ThinkPHP\Common\functions.php 第 1075 行.
INFO: [ action_begin ] --START--
INFO: [ action_begin ] --END-- [ RunTime:0.000000s ]

[ 2017-12-15T23:53:24+08:00 ] 127.0.0.1 /thinkphpwxpay/index.php/Home/Index/SMS?n=14755336339
INFO: [ app_init ] --START--
INFO: [ app_init ] --END-- [ RunTime:0.000000s ]
INFO: [ path_info ] --START--
INFO: [ path_info ] --END-- [ RunTime:0.000000s ]
INFO: [ app_begin ] --START--
INFO: Run Behavior\ReadHtmlCache [ RunTime:0.000000s ]
INFO: [ app_begin ] --END-- [ RunTime:0.000000s ]
NOTIC: [2] session_start(): open(F:\phpstudy\tmp\tmp\sess_ofclgn46865gneccbqjoi2udi4, O_RDWR) failed: No such file or directory (2) F:\phpstudy\WWW\ThinkPHP\Common\functions.php 第 1075 行.
INFO: [ action_begin ] --START--
INFO: [ action_begin ] --END-- [ RunTime:0.000000s ]

[ 2017-12-15T23:53:25+08:00 ] 127.0.0.1 /thinkphpwxpay/index.php/Home/Index/SMS?n=14755336339
INFO: [ app_init ] --START--
INFO: [ app_init ] --END-- [ RunTime:0.000000s ]
INFO: [ path_info ] --START--
INFO: [ path_info ] --END-- [ RunTime:0.000000s ]
INFO: [ app_begin ] --START--
INFO: Run Behavior\ReadHtmlCache [ RunTime:0.000000s ]
INFO: [ app_begin ] --END-- [ RunTime:0.000000s ]
NOTIC: [2] session_start(): open(F:\phpstudy\tmp\tmp\sess_ofclgn46865gneccbqjoi2udi4, O_RDWR) failed: No such file or directory (2) F:\phpstudy\WWW\ThinkPHP\Common\functions.php 第 1075 行.
INFO: [ action_begin ] --START--
INFO: [ action_begin ] --END-- [ RunTime:0.000000s ]

[ 2017-12-15T23:53:25+08:00 ] 127.0.0.1 /thinkphpwxpay/index.php/Home/Index/SMS?n=14755336339
INFO: [ app_init ] --START--
INFO: [ app_init ] --END-- [ RunTime:0.000000s ]
INFO: [ path_info ] --START--
INFO: [ path_info ] --END-- [ RunTime:0.000000s ]
INFO: [ app_begin ] --START--
INFO: Run Behavior\ReadHtmlCache [ RunTime:0.000000s ]
INFO: [ app_begin ] --END-- [ RunTime:0.000000s ]
NOTIC: [2] session_start(): open(F:\phpstudy\tmp\tmp\sess_ofclgn46865gneccbqjoi2udi4, O_RDWR) failed: No such file or directory (2) F:\phpstudy\WWW\ThinkPHP\Common\functions.php 第 1075 行.
INFO: [ action_begin ] --START--
INFO: [ action_begin ] --END-- [ RunTime:0.000000s ]

[ 2017-12-15T23:53:25+08:00 ] 127.0.0.1 /thinkphpwxpay/index.php/Home/Index/SMS?n=14755336339
INFO: [ app_init ] --START--
INFO: [ app_init ] --END-- [ RunTime:0.000000s ]
INFO: [ path_info ] --START--
INFO: [ path_info ] --END-- [ RunTime:0.000000s ]
INFO: [ app_begin ] --START--
INFO: Run Behavior\ReadHtmlCache [ RunTime:0.000000s ]
INFO: [ app_begin ] --END-- [ RunTime:0.000000s ]
NOTIC: [2] session_start(): open(F:\phpstudy\tmp\tmp\sess_ofclgn46865gneccbqjoi2udi4, O_RDWR) failed: No such file or directory (2) F:\phpstudy\WWW\ThinkPHP\Common\functions.php 第 1075 行.
INFO: [ action_begin ] --START--
INFO: [ action_begin ] --END-- [ RunTime:0.000000s ]

[ 2017-12-15T23:53:25+08:00 ] 127.0.0.1 /thinkphpwxpay/index.php/Home/Index/SMS?n=14755336339
INFO: [ app_init ] --START--
INFO: [ app_init ] --END-- [ RunTime:0.000000s ]
INFO: [ path_info ] --START--
INFO: [ path_info ] --END-- [ RunTime:0.000000s ]
INFO: [ app_begin ] --START--
INFO: Run Behavior\ReadHtmlCache [ RunTime:0.000000s ]
INFO: [ app_begin ] --END-- [ RunTime:0.001000s ]
NOTIC: [2] session_start(): open(F:\phpstudy\tmp\tmp\sess_ofclgn46865gneccbqjoi2udi4, O_RDWR) failed: No such file or directory (2) F:\phpstudy\WWW\ThinkPHP\Common\functions.php 第 1075 行.
INFO: [ action_begin ] --START--
INFO: [ action_begin ] --END-- [ RunTime:0.000000s ]

[ 2017-12-15T23:54:01+08:00 ] 127.0.0.1 /thinkphpwxpay/index.php/Home/Index/SMS?n=14755336339
INFO: [ app_init ] --START--
INFO: [ app_init ] --END-- [ RunTime:0.000000s ]
INFO: [ path_info ] --START--
INFO: [ path_info ] --END-- [ RunTime:0.000000s ]
INFO: [ app_begin ] --START--
INFO: Run Behavior\ReadHtmlCache [ RunTime:0.000000s ]
INFO: [ app_begin ] --END-- [ RunTime:0.000000s ]
NOTIC: [2] session_start(): open(F:\phpstudy\tmp\tmp\sess_ofclgn46865gneccbqjoi2udi4, O_RDWR) failed: No such file or directory (2) F:\phpstudy\WWW\ThinkPHP\Common\functions.php 第 1075 行.

[ 2017-12-15T23:54:02+08:00 ] 127.0.0.1 /thinkphpwxpay/index.php/Home/Index/SMS?n=14755336339
INFO: [ app_init ] --START--
INFO: [ app_init ] --END-- [ RunTime:0.000000s ]
INFO: [ path_info ] --START--
INFO: [ path_info ] --END-- [ RunTime:0.000000s ]
INFO: [ app_begin ] --START--
INFO: Run Behavior\ReadHtmlCache [ RunTime:0.000000s ]
INFO: [ app_begin ] --END-- [ RunTime:0.001000s ]
NOTIC: [2] session_start(): open(F:\phpstudy\tmp\tmp\sess_ofclgn46865gneccbqjoi2udi4, O_RDWR) failed: No such file or directory (2) F:\phpstudy\WWW\ThinkPHP\Common\functions.php 第 1075 行.

[ 2017-12-15T23:54:06+08:00 ] 127.0.0.1 /thinkphpwxpay/index.php/Home/Index/SMS?n=14755336339
INFO: [ app_init ] --START--
INFO: [ app_init ] --END-- [ RunTime:0.000000s ]
INFO: [ path_info ] --START--
INFO: [ path_info ] --END-- [ RunTime:0.000000s ]
INFO: [ app_begin ] --START--
INFO: Run Behavior\ReadHtmlCache [ RunTime:0.000000s ]
INFO: [ app_begin ] --END-- [ RunTime:0.000000s ]
NOTIC: [2] session_start(): open(F:\phpstudy\tmp\tmp\sess_ofclgn46865gneccbqjoi2udi4, O_RDWR) failed: No such file or directory (2) F:\phpstudy\WWW\ThinkPHP\Common\functions.php 第 1075 行.

[ 2017-12-15T23:54:06+08:00 ] 127.0.0.1 /thinkphpwxpay/index.php/Home/Index/SMS?n=14755336339
INFO: [ app_init ] --START--
INFO: [ app_init ] --END-- [ RunTime:0.000000s ]
INFO: [ path_info ] --START--
INFO: [ path_info ] --END-- [ RunTime:0.000000s ]
INFO: [ app_begin ] --START--
INFO: Run Behavior\ReadHtmlCache [ RunTime:0.000000s ]
INFO: [ app_begin ] --END-- [ RunTime:0.000000s ]
NOTIC: [2] session_start(): open(F:\phpstudy\tmp\tmp\sess_ofclgn46865gneccbqjoi2udi4, O_RDWR) failed: No such file or directory (2) F:\phpstudy\WWW\ThinkPHP\Common\functions.php 第 1075 行.

[ 2017-12-15T23:54:13+08:00 ] 127.0.0.1 /thinkphpwxpay/index.php/Home/Index/SMS?n=14755336339
INFO: [ app_init ] --START--
INFO: [ app_init ] --END-- [ RunTime:0.000000s ]
INFO: [ path_info ] --START--
INFO: [ path_info ] --END-- [ RunTime:0.001000s ]
INFO: [ app_begin ] --START--
INFO: Run Behavior\ReadHtmlCache [ RunTime:0.000000s ]
INFO: [ app_begin ] --END-- [ RunTime:0.000000s ]
NOTIC: [2] session_start(): open(F:\phpstudy\tmp\tmp\sess_ofclgn46865gneccbqjoi2udi4, O_RDWR) failed: No such file or directory (2) F:\phpstudy\WWW\ThinkPHP\Common\functions.php 第 1075 行.

[ 2017-12-15T23:54:14+08:00 ] 127.0.0.1 /thinkphpwxpay/index.php/Home/Index/SMS?n=14755336339
INFO: [ app_init ] --START--
INFO: [ app_init ] --END-- [ RunTime:0.000000s ]
INFO: [ path_info ] --START--
INFO: [ path_info ] --END-- [ RunTime:0.000000s ]
INFO: [ app_begin ] --START--
INFO: Run Behavior\ReadHtmlCache [ RunTime:0.000000s ]
INFO: [ app_begin ] --END-- [ RunTime:0.000000s ]
NOTIC: [2] session_start(): open(F:\phpstudy\tmp\tmp\sess_ofclgn46865gneccbqjoi2udi4, O_RDWR) failed: No such file or directory (2) F:\phpstudy\WWW\ThinkPHP\Common\functions.php 第 1075 行.

[ 2017-12-15T23:54:14+08:00 ] 127.0.0.1 /thinkphpwxpay/index.php/Home/Index/SMS?n=14755336339
INFO: [ app_init ] --START--
INFO: [ app_init ] --END-- [ RunTime:0.000000s ]
INFO: [ path_info ] --START--
INFO: [ path_info ] --END-- [ RunTime:0.000000s ]
INFO: [ app_begin ] --START--
INFO: Run Behavior\ReadHtmlCache [ RunTime:0.000000s ]
INFO: [ app_begin ] --END-- [ RunTime:0.000000s ]
NOTIC: [2] session_start(): open(F:\phpstudy\tmp\tmp\sess_ofclgn46865gneccbqjoi2udi4, O_RDWR) failed: No such file or directory (2) F:\phpstudy\WWW\ThinkPHP\Common\functions.php 第 1075 行.

[ 2017-12-15T23:54:16+08:00 ] 127.0.0.1 /thinkphpwxpay/index.php/Home/Index/SMS?n=14755336339
INFO: [ app_init ] --START--
INFO: [ app_init ] --END-- [ RunTime:0.000000s ]
INFO: [ path_info ] --START--
INFO: [ path_info ] --END-- [ RunTime:0.000000s ]
INFO: [ app_begin ] --START--
INFO: Run Behavior\ReadHtmlCache [ RunTime:0.000000s ]
INFO: [ app_begin ] --END-- [ RunTime:0.000000s ]
NOTIC: [2] session_start(): open(F:\phpstudy\tmp\tmp\sess_ofclgn46865gneccbqjoi2udi4, O_RDWR) failed: No such file or directory (2) F:\phpstudy\WWW\ThinkPHP\Common\functions.php 第 1075 行.

[ 2017-12-15T23:54:40+08:00 ] 127.0.0.1 /thinkphpwxpay/index.php/Home/Index/SMS?n=14755336339
INFO: [ app_init ] --START--
INFO: [ app_init ] --END-- [ RunTime:0.000000s ]
INFO: [ path_info ] --START--
INFO: [ path_info ] --END-- [ RunTime:0.000000s ]
INFO: [ app_begin ] --START--
INFO: Run Behavior\ReadHtmlCache [ RunTime:0.000000s ]
INFO: [ app_begin ] --END-- [ RunTime:0.000000s ]
NOTIC: [2] session_start(): open(F:\phpstudy\tmp\tmp\sess_ofclgn46865gneccbqjoi2udi4, O_RDWR) failed: No such file or directory (2) F:\phpstudy\WWW\ThinkPHP\Common\functions.php 第 1075 行.
INFO: [ action_begin ] --START--
INFO: [ action_begin ] --END-- [ RunTime:0.000000s ]

[ 2017-12-15T23:54:41+08:00 ] 127.0.0.1 /thinkphpwxpay/index.php/Home/Index/SMS?n=14755336339
INFO: [ app_init ] --START--
INFO: [ app_init ] --END-- [ RunTime:0.000000s ]
INFO: [ path_info ] --START--
INFO: [ path_info ] --END-- [ RunTime:0.000000s ]
INFO: [ app_begin ] --START--
INFO: Run Behavior\ReadHtmlCache [ RunTime:0.000000s ]
INFO: [ app_begin ] --END-- [ RunTime:0.000000s ]
NOTIC: [2] session_start(): open(F:\phpstudy\tmp\tmp\sess_ofclgn46865gneccbqjoi2udi4, O_RDWR) failed: No such file or directory (2) F:\phpstudy\WWW\ThinkPHP\Common\functions.php 第 1075 行.
INFO: [ action_begin ] --START--
INFO: [ action_begin ] --END-- [ RunTime:0.000000s ]

[ 2017-12-15T23:54:41+08:00 ] 127.0.0.1 /thinkphpwxpay/index.php/Home/Index/SMS?n=14755336339
INFO: [ app_init ] --START--
INFO: [ app_init ] --END-- [ RunTime:0.000000s ]
INFO: [ path_info ] --START--
INFO: [ path_info ] --END-- [ RunTime:0.000000s ]
INFO: [ app_begin ] --START--
INFO: Run Behavior\ReadHtmlCache [ RunTime:0.000000s ]
INFO: [ app_begin ] --END-- [ RunTime:0.000000s ]
NOTIC: [2] session_start(): open(F:\phpstudy\tmp\tmp\sess_ofclgn46865gneccbqjoi2udi4, O_RDWR) failed: No such file or directory (2) F:\phpstudy\WWW\ThinkPHP\Common\functions.php 第 1075 行.
INFO: [ action_begin ] --START--
INFO: [ action_begin ] --END-- [ RunTime:0.000000s ]

